#
# There is insufficient memory for the Java Runtime Environment to continue.
# Native memory allocation (malloc) failed to allocate 32744 bytes for ChunkPool::allocate
# Possible reasons:
#   The system is out of physical RAM or swap space
#   The process is running with CompressedOops enabled, and the Java Heap may be blocking the growth of the native heap
# Possible solutions:
#   Reduce memory load on the system
#   Increase physical memory or swap space
#   Check if swap backing store is full
#   Decrease Java heap size (-Xmx/-Xms)
#   Decrease number of Java threads
#   Decrease Java thread stack sizes (-Xss)
#   Set larger code cache with -XX:ReservedCodeCacheSize=
#   JVM is running with Unscaled Compressed Oops mode in which the Java heap is
#     placed in the first 4GB address space. The Java Heap base address is the
#     maximum limit for the native heap growth. Please use -XX:HeapBaseMinAddress
#     to set the Java Heap base and to place the Java Heap above 4GB virtual address.
# This output file may be truncated or incomplete.
#
#  Out of Memory Error (arena.cpp:81), pid=23332, tid=25396
#
# JRE version: OpenJDK Runtime Environment OpenLogic-OpenJDK (11.0.25+9) (build 11.0.25+9-adhoc..jdk11u)
# Java VM: OpenJDK 64-Bit Server VM OpenLogic-OpenJDK (11.0.25+9-adhoc..jdk11u, mixed mode, tiered, compressed oops, g1 gc, windows-amd64)
# No core dump will be written. Minidumps are not enabled by default on client versions of Windows
#

---------------  S U M M A R Y ------------

Command Line: org.jetbrains.kotlin.cli.jvm.K2JVMCompiler @C:\Users\thuralynnhtun\react-native\eCommerceApp\node_modules\react-native-screens\android\build\20250102_3817526639590588503.compiler.options

Host: 11th Gen Intel(R) Core(TM) i3-1115G4 @ 3.00GHz, 4 cores, 7G,  Windows 11 , 64 bit Build 22621 (10.0.22621.4391)
Time: Thu Jan  2 17:39:17 2025 Myanmar Standard Time elapsed time: 63.218235 seconds (0d 0h 1m 3s)

---------------  T H R E A D  ---------------

Current thread (0x0000026e9f152000):  JavaThread "C2 CompilerThread0" daemon [_thread_in_native, id=25396, stack(0x000000a056200000,0x000000a056300000)]


Current CompileTask:
C2:  63218 5573       4       org.jetbrains.kotlin.parsing.AbstractKotlinParsing::atSet (113 bytes)

Stack: [0x000000a056200000,0x000000a056300000]
Native frames: (J=compiled Java code, j=interpreted, Vv=VM code, C=native code)
V  [jvm.dll+0x64198a]
V  [jvm.dll+0x786c19]
V  [jvm.dll+0x788319]
V  [jvm.dll+0x788a03]
V  [jvm.dll+0x267ee5]
V  [jvm.dll+0xc131f]
V  [jvm.dll+0xc166c]
V  [jvm.dll+0xc11cb]
V  [jvm.dll+0x61f86f]
V  [jvm.dll+0x67304c]
V  [jvm.dll+0x1b2760]
V  [jvm.dll+0x21ffdf]
V  [jvm.dll+0x21ee98]
V  [jvm.dll+0x19c631]
V  [jvm.dll+0x22ee49]
V  [jvm.dll+0x22cfbf]
V  [jvm.dll+0x747fd1]
V  [jvm.dll+0x740d04]
V  [jvm.dll+0x640745]
C  [ucrtbase.dll+0x29333]
C  [KERNEL32.DLL+0x1259d]
C  [ntdll.dll+0x5af38]


---------------  P R O C E S S  ---------------

Threads class SMR info:
_java_thread_list=0x0000026ea100f6e0, length=11, elements={
0x0000026efc80d800, 0x0000026effb73800, 0x0000026effb97000, 0x0000026effbb0000,
0x0000026e9f150800, 0x0000026e9f151000, 0x0000026e9f152000, 0x0000026e9f204000,
0x0000026e9f207000, 0x0000026e9f317800, 0x0000026ea0f32000
}

Java Threads: ( => current thread )
  0x0000026efc80d800 JavaThread "main" [_thread_in_native, id=1744, stack(0x000000a055600000,0x000000a055700000)]
  0x0000026effb73800 JavaThread "Reference Handler" daemon [_thread_blocked, id=7996, stack(0x000000a055d00000,0x000000a055e00000)]
  0x0000026effb97000 JavaThread "Finalizer" daemon [_thread_blocked, id=4784, stack(0x000000a055e00000,0x000000a055f00000)]
  0x0000026effbb0000 JavaThread "Signal Dispatcher" daemon [_thread_blocked, id=12204, stack(0x000000a055f00000,0x000000a056000000)]
  0x0000026e9f150800 JavaThread "Attach Listener" daemon [_thread_blocked, id=15468, stack(0x000000a056000000,0x000000a056100000)]
  0x0000026e9f151000 JavaThread "Service Thread" daemon [_thread_blocked, id=7324, stack(0x000000a056100000,0x000000a056200000)]
=>0x0000026e9f152000 JavaThread "C2 CompilerThread0" daemon [_thread_in_native, id=25396, stack(0x000000a056200000,0x000000a056300000)]
  0x0000026e9f204000 JavaThread "C1 CompilerThread0" daemon [_thread_in_native, id=23596, stack(0x000000a056300000,0x000000a056400000)]
  0x0000026e9f207000 JavaThread "Sweeper thread" daemon [_thread_blocked, id=16500, stack(0x000000a056400000,0x000000a056500000)]
  0x0000026e9f317800 JavaThread "Common-Cleaner" daemon [_thread_blocked, id=25428, stack(0x000000a056600000,0x000000a056700000)]
  0x0000026ea0f32000 JavaThread "C2 CompilerThread1" daemon [_thread_in_native, id=22108, stack(0x000000a056900000,0x000000a056a00000)]

Other Threads:
  0x0000026effb72000 VMThread "VM Thread" [stack: 0x000000a055c00000,0x000000a055d00000] [id=11984]
  0x0000026e9f30f800 WatcherThread [stack: 0x000000a056500000,0x000000a056600000] [id=24564]
  0x0000026efea04000 GCTaskThread "GC Thread#0" [stack: 0x000000a055700000,0x000000a055800000] [id=7332]
  0x0000026e9f6fa000 GCTaskThread "GC Thread#1" [stack: 0x000000a056700000,0x000000a056800000] [id=5600]
  0x0000026e9f6fa800 GCTaskThread "GC Thread#2" [stack: 0x000000a056800000,0x000000a056900000] [id=21088]
  0x0000026efea34800 ConcurrentGCThread "G1 Main Marker" [stack: 0x000000a055800000,0x000000a055900000] [id=21516]
  0x0000026efea36000 ConcurrentGCThread "G1 Conc#0" [stack: 0x000000a055900000,0x000000a055a00000] [id=11588]
  0x0000026eff9e0800 ConcurrentGCThread "G1 Refine#0" [stack: 0x000000a055a00000,0x000000a055b00000] [id=22144]
  0x0000026eff9e1800 ConcurrentGCThread "G1 Young RemSet Sampling" [stack: 0x000000a055b00000,0x000000a055c00000] [id=24956]

Threads with active compile tasks:
C2 CompilerThread0    63653 5573       4       org.jetbrains.kotlin.parsing.AbstractKotlinParsing::atSet (113 bytes)
C1 CompilerThread0    63653 5675   !   3       org.jetbrains.kotlin.com.intellij.util.containers.ConcurrentLongObjectHashMap::putVal (327 bytes)
C2 CompilerThread1    63653 5625       4       org.jetbrains.kotlin.parsing.AbstractKotlinParsing::at (114 bytes)

VM state:not at safepoint (normal execution)

VM Mutex/Monitor currently owned by a thread: None

Heap address: 0x0000000083600000, size: 1994 MB, Compressed Oops mode: 32-bit
Narrow klass base: 0x0000000000000000, Narrow klass shift: 3
Compressed class space size: 1073741824 Address: 0x0000000100000000

Heap:
 garbage-first heap   total 129024K, used 47104K [0x0000000083600000, 0x0000000100000000)
  region size 1024K, 3 young (3072K), 2 survivors (2048K)
 Metaspace       used 56607K, capacity 57286K, committed 57600K, reserved 1105920K
  class space    used 6514K, capacity 6794K, committed 6912K, reserved 1048576K
Heap Regions: E=young(eden), S=young(survivor), O=old, HS=humongous(starts), HC=humongous(continues), CS=collection set, F=free, A=archive, TAMS=top-at-mark-start (previous, next)
|   0|0x0000000083600000, 0x0000000083700000, 0x0000000083700000|100%|HS|  |TAMS 0x0000000083700000, 0x0000000083700000| Complete 
|   1|0x0000000083700000, 0x0000000083800000, 0x0000000083800000|100%|HC|  |TAMS 0x0000000083800000, 0x0000000083800000| Complete 
|   2|0x0000000083800000, 0x0000000083900000, 0x0000000083900000|100%|HC|  |TAMS 0x0000000083900000, 0x0000000083900000| Complete 
|   3|0x0000000083900000, 0x0000000083a00000, 0x0000000083a00000|100%|HC|  |TAMS 0x0000000083a00000, 0x0000000083a00000| Complete 
|   4|0x0000000083a00000, 0x0000000083b00000, 0x0000000083b00000|100%| O|  |TAMS 0x0000000083b00000, 0x0000000083b00000| Untracked 
|   5|0x0000000083b00000, 0x0000000083c00000, 0x0000000083c00000|100%| O|  |TAMS 0x0000000083c00000, 0x0000000083c00000| Untracked 
|   6|0x0000000083c00000, 0x0000000083d00000, 0x0000000083d00000|100%|HS|  |TAMS 0x0000000083d00000, 0x0000000083d00000| Complete 
|   7|0x0000000083d00000, 0x0000000083e00000, 0x0000000083e00000|100%|HC|  |TAMS 0x0000000083e00000, 0x0000000083e00000| Complete 
|   8|0x0000000083e00000, 0x0000000083f00000, 0x0000000083f00000|100%|HC|  |TAMS 0x0000000083f00000, 0x0000000083f00000| Complete 
|   9|0x0000000083f00000, 0x0000000084000000, 0x0000000084000000|100%|HC|  |TAMS 0x0000000084000000, 0x0000000084000000| Complete 
|  10|0x0000000084000000, 0x0000000084100000, 0x0000000084100000|100%|HS|  |TAMS 0x0000000084000000, 0x0000000084100000| Complete 
|  11|0x0000000084100000, 0x0000000084200000, 0x0000000084200000|100%|HC|  |TAMS 0x0000000084100000, 0x0000000084200000| Complete 
|  12|0x0000000084200000, 0x0000000084300000, 0x0000000084300000|100%| O|  |TAMS 0x0000000084300000, 0x0000000084300000| Untracked 
|  13|0x0000000084300000, 0x0000000084400000, 0x0000000084400000|100%| O|  |TAMS 0x0000000084400000, 0x0000000084400000| Untracked 
|  14|0x0000000084400000, 0x0000000084500000, 0x0000000084500000|100%| O|  |TAMS 0x0000000084500000, 0x0000000084500000| Untracked 
|  15|0x0000000084500000, 0x0000000084600000, 0x0000000084600000|100%| O|  |TAMS 0x0000000084600000, 0x0000000084600000| Untracked 
|  16|0x0000000084600000, 0x0000000084700000, 0x0000000084700000|100%| O|  |TAMS 0x0000000084700000, 0x0000000084700000| Untracked 
|  17|0x0000000084700000, 0x0000000084800000, 0x0000000084800000|100%| O|  |TAMS 0x0000000084800000, 0x0000000084800000| Untracked 
|  18|0x0000000084800000, 0x0000000084900000, 0x0000000084900000|100%| O|  |TAMS 0x0000000084900000, 0x0000000084900000| Untracked 
|  19|0x0000000084900000, 0x0000000084a00000, 0x0000000084a00000|100%| O|  |TAMS 0x0000000084a00000, 0x0000000084a00000| Untracked 
|  20|0x0000000084a00000, 0x0000000084b00000, 0x0000000084b00000|100%| O|  |TAMS 0x0000000084b00000, 0x0000000084b00000| Untracked 
|  21|0x0000000084b00000, 0x0000000084c00000, 0x0000000084c00000|100%| O|  |TAMS 0x0000000084c00000, 0x0000000084c00000| Untracked 
|  22|0x0000000084c00000, 0x0000000084d00000, 0x0000000084d00000|100%| O|  |TAMS 0x0000000084d00000, 0x0000000084d00000| Untracked 
|  23|0x0000000084d00000, 0x0000000084e00000, 0x0000000084e00000|100%| O|  |TAMS 0x0000000084d3cc00, 0x0000000084e00000| Untracked 
|  24|0x0000000084e00000, 0x0000000084f00000, 0x0000000084f00000|100%| O|  |TAMS 0x0000000084e00000, 0x0000000084f00000| Untracked 
|  25|0x0000000084f00000, 0x0000000085000000, 0x0000000085000000|100%| O|  |TAMS 0x0000000084f00000, 0x0000000085000000| Untracked 
|  26|0x0000000085000000, 0x0000000085100000, 0x0000000085100000|100%| O|  |TAMS 0x0000000085000000, 0x0000000085100000| Untracked 
|  27|0x0000000085100000, 0x0000000085200000, 0x0000000085200000|100%| O|  |TAMS 0x0000000085100000, 0x0000000085200000| Untracked 
|  28|0x0000000085200000, 0x0000000085300000, 0x0000000085300000|100%| O|  |TAMS 0x0000000085200000, 0x0000000085300000| Untracked 
|  29|0x0000000085300000, 0x0000000085400000, 0x0000000085400000|100%| O|  |TAMS 0x0000000085300000, 0x0000000085400000| Untracked 
|  30|0x0000000085400000, 0x0000000085500000, 0x0000000085500000|100%| O|  |TAMS 0x0000000085400000, 0x0000000085500000| Untracked 
|  31|0x0000000085500000, 0x0000000085600000, 0x0000000085600000|100%| O|  |TAMS 0x0000000085500000, 0x0000000085600000| Untracked 
|  32|0x0000000085600000, 0x0000000085700000, 0x0000000085700000|100%| O|  |TAMS 0x0000000085600000, 0x0000000085700000| Untracked 
|  33|0x0000000085700000, 0x0000000085800000, 0x0000000085800000|100%| O|  |TAMS 0x0000000085700000, 0x0000000085800000| Untracked 
|  34|0x0000000085800000, 0x0000000085900000, 0x0000000085900000|100%| O|  |TAMS 0x0000000085800000, 0x0000000085900000| Untracked 
|  35|0x0000000085900000, 0x0000000085a00000, 0x0000000085a00000|100%| O|  |TAMS 0x0000000085900000, 0x0000000085a00000| Untracked 
|  36|0x0000000085a00000, 0x0000000085b00000, 0x0000000085b00000|100%| O|  |TAMS 0x0000000085a00000, 0x0000000085b00000| Untracked 
|  37|0x0000000085b00000, 0x0000000085c00000, 0x0000000085c00000|100%| O|  |TAMS 0x0000000085b00000, 0x0000000085c00000| Untracked 
|  38|0x0000000085c00000, 0x0000000085d00000, 0x0000000085d00000|100%| O|  |TAMS 0x0000000085c00000, 0x0000000085d00000| Untracked 
|  39|0x0000000085d00000, 0x0000000085e00000, 0x0000000085e00000|100%| O|  |TAMS 0x0000000085d00000, 0x0000000085e00000| Untracked 
|  40|0x0000000085e00000, 0x0000000085f00000, 0x0000000085f00000|100%| O|  |TAMS 0x0000000085e00000, 0x0000000085f00000| Untracked 
|  41|0x0000000085f00000, 0x0000000086000000, 0x0000000086000000|100%| O|  |TAMS 0x0000000085f00000, 0x0000000086000000| Untracked 
|  42|0x0000000086000000, 0x0000000086100000, 0x0000000086100000|100%| O|  |TAMS 0x0000000086000000, 0x0000000086100000| Untracked 
|  43|0x0000000086100000, 0x0000000086200000, 0x0000000086200000|100%| O|  |TAMS 0x0000000086100000, 0x0000000086200000| Untracked 
|  44|0x0000000086200000, 0x0000000086200000, 0x0000000086300000|  0%| F|  |TAMS 0x0000000086200000, 0x0000000086200000| Untracked 
|  45|0x0000000086300000, 0x0000000086300000, 0x0000000086400000|  0%| F|  |TAMS 0x0000000086300000, 0x0000000086300000| Untracked 
|  46|0x0000000086400000, 0x0000000086400000, 0x0000000086500000|  0%| F|  |TAMS 0x0000000086400000, 0x0000000086400000| Untracked 
|  47|0x0000000086500000, 0x0000000086500000, 0x0000000086600000|  0%| F|  |TAMS 0x0000000086500000, 0x0000000086500000| Untracked 
|  48|0x0000000086600000, 0x0000000086600000, 0x0000000086700000|  0%| F|  |TAMS 0x0000000086600000, 0x0000000086600000| Untracked 
|  49|0x0000000086700000, 0x0000000086700000, 0x0000000086800000|  0%| F|  |TAMS 0x0000000086700000, 0x0000000086700000| Untracked 
|  50|0x0000000086800000, 0x0000000086800000, 0x0000000086900000|  0%| F|  |TAMS 0x0000000086800000, 0x0000000086800000| Untracked 
|  51|0x0000000086900000, 0x0000000086900000, 0x0000000086a00000|  0%| F|  |TAMS 0x0000000086900000, 0x0000000086900000| Untracked 
|  52|0x0000000086a00000, 0x0000000086a00000, 0x0000000086b00000|  0%| F|  |TAMS 0x0000000086a00000, 0x0000000086a00000| Untracked 
|  53|0x0000000086b00000, 0x0000000086b00000, 0x0000000086c00000|  0%| F|  |TAMS 0x0000000086b00000, 0x0000000086b00000| Untracked 
|  54|0x0000000086c00000, 0x0000000086c00000, 0x0000000086d00000|  0%| F|  |TAMS 0x0000000086c00000, 0x0000000086c00000| Untracked 
|  55|0x0000000086d00000, 0x0000000086d00000, 0x0000000086e00000|  0%| F|  |TAMS 0x0000000086d00000, 0x0000000086d00000| Untracked 
|  56|0x0000000086e00000, 0x0000000086e00000, 0x0000000086f00000|  0%| F|  |TAMS 0x0000000086e00000, 0x0000000086e00000| Untracked 
|  57|0x0000000086f00000, 0x0000000086f00000, 0x0000000087000000|  0%| F|  |TAMS 0x0000000086f00000, 0x0000000086f00000| Untracked 
|  58|0x0000000087000000, 0x0000000087000000, 0x0000000087100000|  0%| F|  |TAMS 0x0000000087000000, 0x0000000087000000| Untracked 
|  59|0x0000000087100000, 0x0000000087100000, 0x0000000087200000|  0%| F|  |TAMS 0x0000000087100000, 0x0000000087100000| Untracked 
|  60|0x0000000087200000, 0x0000000087200000, 0x0000000087300000|  0%| F|  |TAMS 0x0000000087200000, 0x0000000087200000| Untracked 
|  61|0x0000000087300000, 0x0000000087300000, 0x0000000087400000|  0%| F|  |TAMS 0x0000000087300000, 0x0000000087300000| Untracked 
|  62|0x0000000087400000, 0x0000000087400000, 0x0000000087500000|  0%| F|  |TAMS 0x0000000087400000, 0x0000000087400000| Untracked 
|  63|0x0000000087500000, 0x0000000087500000, 0x0000000087600000|  0%| F|  |TAMS 0x0000000087500000, 0x0000000087500000| Untracked 
|  64|0x0000000087600000, 0x0000000087600000, 0x0000000087700000|  0%| F|  |TAMS 0x0000000087600000, 0x0000000087600000| Untracked 
|  65|0x0000000087700000, 0x0000000087700000, 0x0000000087800000|  0%| F|  |TAMS 0x0000000087700000, 0x0000000087700000| Untracked 
|  66|0x0000000087800000, 0x0000000087800000, 0x0000000087900000|  0%| F|  |TAMS 0x0000000087800000, 0x0000000087800000| Untracked 
|  67|0x0000000087900000, 0x0000000087900000, 0x0000000087a00000|  0%| F|  |TAMS 0x0000000087900000, 0x0000000087900000| Untracked 
|  68|0x0000000087a00000, 0x0000000087a00000, 0x0000000087b00000|  0%| F|  |TAMS 0x0000000087a00000, 0x0000000087a00000| Untracked 
|  69|0x0000000087b00000, 0x0000000087b00000, 0x0000000087c00000|  0%| F|  |TAMS 0x0000000087b00000, 0x0000000087b00000| Untracked 
|  70|0x0000000087c00000, 0x0000000087c00000, 0x0000000087d00000|  0%| F|  |TAMS 0x0000000087c00000, 0x0000000087c00000| Untracked 
|  71|0x0000000087d00000, 0x0000000087d00000, 0x0000000087e00000|  0%| F|  |TAMS 0x0000000087d00000, 0x0000000087d00000| Untracked 
|  72|0x0000000087e00000, 0x0000000087e00000, 0x0000000087f00000|  0%| F|  |TAMS 0x0000000087e00000, 0x0000000087e00000| Untracked 
|  73|0x0000000087f00000, 0x0000000087f00000, 0x0000000088000000|  0%| F|  |TAMS 0x0000000087f00000, 0x0000000087f00000| Untracked 
|  74|0x0000000088000000, 0x0000000088000000, 0x0000000088100000|  0%| F|  |TAMS 0x0000000088000000, 0x0000000088000000| Untracked 
|  75|0x0000000088100000, 0x0000000088100000, 0x0000000088200000|  0%| F|  |TAMS 0x0000000088100000, 0x0000000088100000| Untracked 
|  76|0x0000000088200000, 0x0000000088200000, 0x0000000088300000|  0%| F|  |TAMS 0x0000000088200000, 0x0000000088200000| Untracked 
|  77|0x0000000088300000, 0x0000000088300000, 0x0000000088400000|  0%| F|  |TAMS 0x0000000088300000, 0x0000000088300000| Untracked 
|  78|0x0000000088400000, 0x0000000088400000, 0x0000000088500000|  0%| F|  |TAMS 0x0000000088400000, 0x0000000088400000| Untracked 
|  79|0x0000000088500000, 0x0000000088500000, 0x0000000088600000|  0%| F|  |TAMS 0x0000000088500000, 0x0000000088500000| Untracked 
|  80|0x0000000088600000, 0x0000000088600000, 0x0000000088700000|  0%| F|  |TAMS 0x0000000088600000, 0x0000000088600000| Untracked 
|  81|0x0000000088700000, 0x0000000088700000, 0x0000000088800000|  0%| F|  |TAMS 0x0000000088700000, 0x0000000088700000| Untracked 
|  82|0x0000000088800000, 0x0000000088800000, 0x0000000088900000|  0%| F|  |TAMS 0x0000000088800000, 0x0000000088800000| Untracked 
|  83|0x0000000088900000, 0x0000000088900000, 0x0000000088a00000|  0%| F|  |TAMS 0x0000000088900000, 0x0000000088900000| Untracked 
|  84|0x0000000088a00000, 0x0000000088a00000, 0x0000000088b00000|  0%| F|  |TAMS 0x0000000088a00000, 0x0000000088a00000| Untracked 
|  85|0x0000000088b00000, 0x0000000088b00000, 0x0000000088c00000|  0%| F|  |TAMS 0x0000000088b00000, 0x0000000088b00000| Untracked 
|  86|0x0000000088c00000, 0x0000000088c00000, 0x0000000088d00000|  0%| F|  |TAMS 0x0000000088c00000, 0x0000000088c00000| Untracked 
|  87|0x0000000088d00000, 0x0000000088d00000, 0x0000000088e00000|  0%| F|  |TAMS 0x0000000088d00000, 0x0000000088d00000| Untracked 
|  88|0x0000000088e00000, 0x0000000088e00000, 0x0000000088f00000|  0%| F|  |TAMS 0x0000000088e00000, 0x0000000088e00000| Untracked 
|  89|0x0000000088f00000, 0x0000000088f00000, 0x0000000089000000|  0%| F|  |TAMS 0x0000000088f00000, 0x0000000088f00000| Untracked 
|  90|0x0000000089000000, 0x0000000089000000, 0x0000000089100000|  0%| F|  |TAMS 0x0000000089000000, 0x0000000089000000| Untracked 
|  91|0x0000000089100000, 0x0000000089100000, 0x0000000089200000|  0%| F|  |TAMS 0x0000000089100000, 0x0000000089100000| Untracked 
|  92|0x0000000089200000, 0x0000000089200000, 0x0000000089300000|  0%| F|  |TAMS 0x0000000089200000, 0x0000000089200000| Untracked 
|  93|0x0000000089300000, 0x0000000089300000, 0x0000000089400000|  0%| F|  |TAMS 0x0000000089300000, 0x0000000089300000| Untracked 
|  94|0x0000000089400000, 0x0000000089400000, 0x0000000089500000|  0%| F|  |TAMS 0x0000000089400000, 0x0000000089400000| Untracked 
|  95|0x0000000089500000, 0x0000000089500000, 0x0000000089600000|  0%| F|  |TAMS 0x0000000089500000, 0x0000000089500000| Untracked 
|  96|0x0000000089600000, 0x0000000089600000, 0x0000000089700000|  0%| F|  |TAMS 0x0000000089600000, 0x0000000089600000| Untracked 
|  97|0x0000000089700000, 0x0000000089700000, 0x0000000089800000|  0%| F|  |TAMS 0x0000000089700000, 0x0000000089700000| Untracked 
|  98|0x0000000089800000, 0x0000000089800000, 0x0000000089900000|  0%| F|  |TAMS 0x0000000089800000, 0x0000000089800000| Untracked 
|  99|0x0000000089900000, 0x0000000089900000, 0x0000000089a00000|  0%| F|  |TAMS 0x0000000089900000, 0x0000000089900000| Untracked 
| 100|0x0000000089a00000, 0x0000000089a00000, 0x0000000089b00000|  0%| F|  |TAMS 0x0000000089a00000, 0x0000000089a00000| Untracked 
| 101|0x0000000089b00000, 0x0000000089b00000, 0x0000000089c00000|  0%| F|  |TAMS 0x0000000089b00000, 0x0000000089b00000| Untracked 
| 102|0x0000000089c00000, 0x0000000089c00000, 0x0000000089d00000|  0%| F|  |TAMS 0x0000000089c00000, 0x0000000089c00000| Untracked 
| 103|0x0000000089d00000, 0x0000000089d00000, 0x0000000089e00000|  0%| F|  |TAMS 0x0000000089d00000, 0x0000000089d00000| Untracked 
| 104|0x0000000089e00000, 0x0000000089e00000, 0x0000000089f00000|  0%| F|  |TAMS 0x0000000089e00000, 0x0000000089e00000| Untracked 
| 105|0x0000000089f00000, 0x0000000089f00000, 0x000000008a000000|  0%| F|  |TAMS 0x0000000089f00000, 0x0000000089f00000| Untracked 
| 106|0x000000008a000000, 0x000000008a000000, 0x000000008a100000|  0%| F|  |TAMS 0x000000008a000000, 0x000000008a000000| Untracked 
| 107|0x000000008a100000, 0x000000008a100000, 0x000000008a200000|  0%| F|  |TAMS 0x000000008a100000, 0x000000008a100000| Untracked 
| 108|0x000000008a200000, 0x000000008a200000, 0x000000008a300000|  0%| F|  |TAMS 0x000000008a200000, 0x000000008a200000| Untracked 
| 109|0x000000008a300000, 0x000000008a300000, 0x000000008a400000|  0%| F|  |TAMS 0x000000008a300000, 0x000000008a300000| Untracked 
| 110|0x000000008a400000, 0x000000008a400000, 0x000000008a500000|  0%| F|  |TAMS 0x000000008a400000, 0x000000008a400000| Untracked 
| 111|0x000000008a500000, 0x000000008a500000, 0x000000008a600000|  0%| F|  |TAMS 0x000000008a500000, 0x000000008a500000| Untracked 
| 112|0x000000008a600000, 0x000000008a600000, 0x000000008a700000|  0%| F|  |TAMS 0x000000008a600000, 0x000000008a600000| Untracked 
| 113|0x000000008a700000, 0x000000008a700000, 0x000000008a800000|  0%| F|  |TAMS 0x000000008a700000, 0x000000008a700000| Untracked 
| 114|0x000000008a800000, 0x000000008a800000, 0x000000008a900000|  0%| F|  |TAMS 0x000000008a800000, 0x000000008a800000| Untracked 
| 115|0x000000008a900000, 0x000000008a900000, 0x000000008aa00000|  0%| F|  |TAMS 0x000000008a900000, 0x000000008a900000| Untracked 
| 116|0x000000008aa00000, 0x000000008aa00000, 0x000000008ab00000|  0%| F|  |TAMS 0x000000008aa00000, 0x000000008aa00000| Untracked 
| 117|0x000000008ab00000, 0x000000008ab00000, 0x000000008ac00000|  0%| F|  |TAMS 0x000000008ab00000, 0x000000008ab00000| Untracked 
| 118|0x000000008ac00000, 0x000000008ad00000, 0x000000008ad00000|100%| S|CS|TAMS 0x000000008ac00000, 0x000000008ac00000| Complete 
| 119|0x000000008ad00000, 0x000000008ae00000, 0x000000008ae00000|100%| S|CS|TAMS 0x000000008ad00000, 0x000000008ad00000| Complete 
| 120|0x000000008ae00000, 0x000000008ae00000, 0x000000008af00000|  0%| F|  |TAMS 0x000000008ae00000, 0x000000008ae00000| Untracked 
| 121|0x000000008af00000, 0x000000008af00000, 0x000000008b000000|  0%| F|  |TAMS 0x000000008af00000, 0x000000008af00000| Untracked 
| 122|0x000000008b000000, 0x000000008b000000, 0x000000008b100000|  0%| F|  |TAMS 0x000000008b000000, 0x000000008b000000| Untracked 
| 123|0x000000008b100000, 0x000000008b100000, 0x000000008b200000|  0%| F|  |TAMS 0x000000008b100000, 0x000000008b100000| Untracked 
| 124|0x000000008b200000, 0x000000008b200000, 0x000000008b300000|  0%| F|  |TAMS 0x000000008b200000, 0x000000008b200000| Untracked 
| 125|0x000000008b300000, 0x000000008b380000, 0x000000008b400000| 50%| E|  |TAMS 0x000000008b300000, 0x000000008b300000| Complete 

Card table byte_map: [0x0000026efeea0000,0x0000026eff290000] _byte_map_base: 0x0000026efea85000

Marking Bits (Prev, Next): (CMBitMap*) 0x0000026efea2bb68, (CMBitMap*) 0x0000026efea2bba0
 Prev Bits: [0x0000026e98af0000, 0x0000026e9aa18000)
 Next Bits: [0x0000026e9aa20000, 0x0000026e9c948000)

Polling page: 0x0000026efc9a0000

Metaspace:

Usage:
  Non-class:     49.31 MB capacity,    48.92 MB (>99%) used,   303.70 KB ( <1%) free+waste,    95.62 KB ( <1%) overhead. 
      Class:      6.63 MB capacity,     6.36 MB ( 96%) used,   235.84 KB (  3%) free+waste,    43.44 KB ( <1%) overhead. 
       Both:     55.94 MB capacity,    55.28 MB ( 99%) used,   539.55 KB ( <1%) free+waste,   139.06 KB ( <1%) overhead. 

Virtual space:
  Non-class space:       56.00 MB reserved,      49.50 MB ( 88%) committed 
      Class space:        1.00 GB reserved,       6.75 MB ( <1%) committed 
             Both:        1.05 GB reserved,      56.25 MB (  5%) committed 

Chunk freelists:
   Non-Class:  4.00 KB
       Class:  0 bytes
        Both:  4.00 KB

MaxMetaspaceSize: 17179869184.00 GB
CompressedClassSpaceSize: 1.00 GB
Initial GC threshold: 20.80 MB
Current GC threshold: 59.07 MB
CDS: off

CodeHeap 'non-profiled nmethods': size=120064Kb used=3360Kb max_used=3360Kb free=116703Kb
 bounds [0x0000026e915b0000, 0x0000026e91900000, 0x0000026e98af0000]
CodeHeap 'profiled nmethods': size=120000Kb used=13364Kb max_used=13364Kb free=106635Kb
 bounds [0x0000026e8a080000, 0x0000026e8ad90000, 0x0000026e915b0000]
CodeHeap 'non-nmethods': size=5696Kb used=1298Kb max_used=1351Kb free=4397Kb
 bounds [0x0000026e89af0000, 0x0000026e89d60000, 0x0000026e8a080000]
 total_blobs=6187 nmethods=5610 adapters=489
 compilation: enabled
              stopped_count=0, restarted_count=0
 full_count=0

Compilation events (20 events):
Event: 59.771 Thread 0x0000026e9f204000 5622       1       org.jetbrains.kotlin.resolve.lazy.FileScopeFactory::access$getComponents$p (5 bytes)
Event: 59.771 Thread 0x0000026e9f204000 nmethod 5622 0x0000026e918f6c10 code [0x0000026e918f6dc0, 0x0000026e918f6e58]
Event: 59.772 Thread 0x0000026e9f204000 5628       3       org.jetbrains.kotlin.resolve.scopes.LexicalScopeStorage::getContributedVariables (40 bytes)
Event: 59.773 Thread 0x0000026e9f204000 nmethod 5628 0x0000026e8ad6c610 code [0x0000026e8ad6c940, 0x0000026e8ad6da58]
Event: 59.773 Thread 0x0000026e9f204000 5630       3       org.jetbrains.kotlin.com.intellij.psi.impl.source.tree.LazyParseableElement::setFirstChildNode (21 bytes)
Event: 59.773 Thread 0x0000026e9f204000 nmethod 5630 0x0000026e8ad6df90 code [0x0000026e8ad6e1a0, 0x0000026e8ad6e7b8]
Event: 59.773 Thread 0x0000026e9f204000 5631       3       org.jetbrains.kotlin.parsing.AbstractKotlinParsing::expect (44 bytes)
Event: 59.773 Thread 0x0000026e9f204000 nmethod 5631 0x0000026e8ad6e990 code [0x0000026e8ad6eba0, 0x0000026e8ad6f268]
Event: 59.775 Thread 0x0000026e9f204000 5632       3       org.jetbrains.kotlin.descriptors.impl.AbstractClassDescriptor::getOriginal (5 bytes)
Event: 59.775 Thread 0x0000026e9f204000 nmethod 5632 0x0000026e8ad6f410 code [0x0000026e8ad6f5c0, 0x0000026e8ad6f7b8]
Event: 59.775 Thread 0x0000026e9f204000 5633       3       org.jetbrains.kotlin.resolve.lazy.descriptors.LazyClassDescriptor::getVisibility (14 bytes)
Event: 59.775 Thread 0x0000026e9f204000 nmethod 5633 0x0000026e8ad6f890 code [0x0000026e8ad6fa40, 0x0000026e8ad6fbc8]
Event: 59.777 Thread 0x0000026e9f204000 5634       3       org.jetbrains.kotlin.load.java.JavaClassFinder$Request::<init> (26 bytes)
Event: 59.777 Thread 0x0000026e9f204000 nmethod 5634 0x0000026e8ad6fc90 code [0x0000026e8ad6fee0, 0x0000026e8ad706f8]
Event: 59.777 Thread 0x0000026e9f204000 5635       3       org.jetbrains.kotlin.load.java.JavaClassFinder$Request::<init> (26 bytes)
Event: 59.778 Thread 0x0000026e9f204000 nmethod 5635 0x0000026e8ad70990 code [0x0000026e8ad70bc0, 0x0000026e8ad712d8]
Event: 59.778 Thread 0x0000026e9f204000 5636       3       org.jetbrains.kotlin.cli.jvm.compiler.KotlinCliJavaFileManagerImpl::findClass (418 bytes)
Event: 59.782 Thread 0x0000026e9f204000 nmethod 5636 0x0000026e8ad71590 code [0x0000026e8ad71d80, 0x0000026e8ad75c58]
Event: 59.782 Thread 0x0000026e9f204000 5637       1       org.jetbrains.kotlin.load.java.lazy.descriptors.LazyJavaPackageScope$FindClassRequest::getName (5 bytes)
Event: 59.782 Thread 0x0000026e9f204000 nmethod 5637 0x0000026e918f6f10 code [0x0000026e918f70c0, 0x0000026e918f7178]

GC Heap History (12 events):
Event: 3.630 GC heap before
{Heap before GC invocations=0 (full 0):
 garbage-first heap   total 129024K, used 18432K [0x0000000083600000, 0x0000000100000000)
  region size 1024K, 14 young (14336K), 0 survivors (0K)
 Metaspace       used 9492K, capacity 9579K, committed 9856K, reserved 1058816K
  class space    used 778K, capacity 788K, committed 896K, reserved 1048576K
}
Event: 3.900 GC heap after
{Heap after GC invocations=1 (full 0):
 garbage-first heap   total 129024K, used 6416K [0x0000000083600000, 0x0000000100000000)
  region size 1024K, 2 young (2048K), 2 survivors (2048K)
 Metaspace       used 9492K, capacity 9579K, committed 9856K, reserved 1058816K
  class space    used 778K, capacity 788K, committed 896K, reserved 1048576K
}
Event: 12.611 GC heap before
{Heap before GC invocations=1 (full 0):
 garbage-first heap   total 129024K, used 56592K [0x0000000083600000, 0x0000000100000000)
  region size 1024K, 52 young (53248K), 2 survivors (2048K)
 Metaspace       used 21058K, capacity 21245K, committed 21248K, reserved 1069056K
  class space    used 2216K, capacity 2302K, committed 2304K, reserved 1048576K
}
Event: 12.626 GC heap after
{Heap after GC invocations=2 (full 0):
 garbage-first heap   total 129024K, used 10835K [0x0000000083600000, 0x0000000100000000)
  region size 1024K, 7 young (7168K), 7 survivors (7168K)
 Metaspace       used 21058K, capacity 21245K, committed 21248K, reserved 1069056K
  class space    used 2216K, capacity 2302K, committed 2304K, reserved 1048576K
}
Event: 24.818 GC heap before
{Heap before GC invocations=3 (full 0):
 garbage-first heap   total 129024K, used 69203K [0x0000000083600000, 0x0000000100000000)
  region size 1024K, 58 young (59392K), 7 survivors (7168K)
 Metaspace       used 32408K, capacity 32862K, committed 33152K, reserved 1079296K
  class space    used 3958K, capacity 4142K, committed 4224K, reserved 1048576K
}
Event: 24.836 GC heap after
{Heap after GC invocations=4 (full 0):
 garbage-first heap   total 129024K, used 23646K [0x0000000083600000, 0x0000000100000000)
  region size 1024K, 7 young (7168K), 7 survivors (7168K)
 Metaspace       used 32408K, capacity 32862K, committed 33152K, reserved 1079296K
  class space    used 3958K, capacity 4142K, committed 4224K, reserved 1048576K
}
Event: 26.251 GC heap before
{Heap before GC invocations=4 (full 0):
 garbage-first heap   total 129024K, used 34910K [0x0000000083600000, 0x0000000100000000)
  region size 1024K, 19 young (19456K), 7 survivors (7168K)
 Metaspace       used 35349K, capacity 35717K, committed 35840K, reserved 1081344K
  class space    used 4269K, capacity 4433K, committed 4480K, reserved 1048576K
}
Event: 26.270 GC heap after
{Heap after GC invocations=5 (full 0):
 garbage-first heap   total 129024K, used 25629K [0x0000000083600000, 0x0000000100000000)
  region size 1024K, 2 young (2048K), 2 survivors (2048K)
 Metaspace       used 35349K, capacity 35717K, committed 35840K, reserved 1081344K
  class space    used 4269K, capacity 4433K, committed 4480K, reserved 1048576K
}
Event: 33.533 GC heap before
{Heap before GC invocations=6 (full 0):
 garbage-first heap   total 129024K, used 71709K [0x0000000083600000, 0x0000000100000000)
  region size 1024K, 47 young (48128K), 2 survivors (2048K)
 Metaspace       used 44779K, capacity 45298K, committed 45440K, reserved 1089536K
  class space    used 5167K, capacity 5383K, committed 5504K, reserved 1048576K
}
Event: 33.540 GC heap after
{Heap after GC invocations=7 (full 0):
 garbage-first heap   total 129024K, used 27670K [0x0000000083600000, 0x0000000100000000)
  region size 1024K, 6 young (6144K), 6 survivors (6144K)
 Metaspace       used 44779K, capacity 45298K, committed 45440K, reserved 1089536K
  class space    used 5167K, capacity 5383K, committed 5504K, reserved 1048576K
}
Event: 46.354 GC heap before
{Heap before GC invocations=7 (full 0):
 garbage-first heap   total 129024K, used 78870K [0x0000000083600000, 0x0000000100000000)
  region size 1024K, 54 young (55296K), 6 survivors (6144K)
 Metaspace       used 53890K, capacity 54545K, committed 54656K, reserved 1097728K
  class space    used 6226K, capacity 6490K, committed 6528K, reserved 1048576K
}
Event: 46.375 GC heap after
{Heap after GC invocations=8 (full 0):
 garbage-first heap   total 129024K, used 38131K [0x0000000083600000, 0x0000000100000000)
  region size 1024K, 7 young (7168K), 7 survivors (7168K)
 Metaspace       used 53890K, capacity 54545K, committed 54656K, reserved 1097728K
  class space    used 6226K, capacity 6490K, committed 6528K, reserved 1048576K
}

Deoptimization events (20 events):
Event: 59.425 Thread 0x0000026efc80d800 Uncommon trap: trap_request=0xffffffc6 fr.pc=0x0000026e91854b48 relative=0x0000000000004428
Event: 59.425 Thread 0x0000026efc80d800 Uncommon trap: reason=bimorphic_or_optimized_type_check action=maybe_recompile pc=0x0000026e91854b48 method=org.jetbrains.kotlin.parsing.KotlinExpressionParsing.parseBinaryExpression(Lorg/jetbrains/kotlin/parsing/KotlinExpressionParsing$Precedence;)V @ 40
Event: 59.425 Thread 0x0000026efc80d800 DEOPT PACKING pc=0x0000026e91854b48 sp=0x000000a0556fac70
Event: 59.425 Thread 0x0000026efc80d800 DEOPT UNPACKING pc=0x0000026e89af85af sp=0x000000a0556fab98 mode 2
Event: 59.425 Thread 0x0000026efc80d800 Uncommon trap: trap_request=0xffffffc6 fr.pc=0x0000026e91854b48 relative=0x0000000000004428
Event: 59.425 Thread 0x0000026efc80d800 Uncommon trap: reason=bimorphic_or_optimized_type_check action=maybe_recompile pc=0x0000026e91854b48 method=org.jetbrains.kotlin.parsing.KotlinExpressionParsing.parseBinaryExpression(Lorg/jetbrains/kotlin/parsing/KotlinExpressionParsing$Precedence;)V @ 40
Event: 59.425 Thread 0x0000026efc80d800 DEOPT PACKING pc=0x0000026e91854b48 sp=0x000000a0556f9dc0
Event: 59.425 Thread 0x0000026efc80d800 DEOPT UNPACKING pc=0x0000026e89af85af sp=0x000000a0556f9ce8 mode 2
Event: 59.575 Thread 0x0000026efc80d800 Uncommon trap: trap_request=0xffffff76 fr.pc=0x0000026e918ed92c relative=0x000000000000100c
Event: 59.575 Thread 0x0000026efc80d800 Uncommon trap: reason=loop_limit_check action=maybe_recompile pc=0x0000026e918ed92c method=org.jetbrains.kotlin.com.intellij.lang.impl.MarkerProduction.rollbackTo(Lorg/jetbrains/kotlin/com/intellij/lang/impl/PsiBuilderImpl$ProductionMarker;)V @ 15 c2
Event: 59.575 Thread 0x0000026efc80d800 DEOPT PACKING pc=0x0000026e918ed92c sp=0x000000a0556fcdb0
Event: 59.575 Thread 0x0000026efc80d800 DEOPT UNPACKING pc=0x0000026e89af85af sp=0x000000a0556fcd80 mode 2
Event: 59.576 Thread 0x0000026efc80d800 Uncommon trap: trap_request=0xffffffc6 fr.pc=0x0000026e91854b48 relative=0x0000000000004428
Event: 59.576 Thread 0x0000026efc80d800 Uncommon trap: reason=bimorphic_or_optimized_type_check action=maybe_recompile pc=0x0000026e91854b48 method=org.jetbrains.kotlin.parsing.KotlinExpressionParsing.parseBinaryExpression(Lorg/jetbrains/kotlin/parsing/KotlinExpressionParsing$Precedence;)V @ 40
Event: 59.576 Thread 0x0000026efc80d800 DEOPT PACKING pc=0x0000026e91854b48 sp=0x000000a0556fbe30
Event: 59.576 Thread 0x0000026efc80d800 DEOPT UNPACKING pc=0x0000026e89af85af sp=0x000000a0556fbd58 mode 2
Event: 59.609 Thread 0x0000026efc80d800 Uncommon trap: trap_request=0xffffff4d fr.pc=0x0000026e918deb84 relative=0x0000000000004384
Event: 59.609 Thread 0x0000026efc80d800 Uncommon trap: reason=unstable_if action=reinterpret pc=0x0000026e918deb84 method=org.jetbrains.kotlin.parsing.AbstractKotlinParsing.expect(Lorg/jetbrains/kotlin/lexer/KtToken;)Z @ 5 c2
Event: 59.609 Thread 0x0000026efc80d800 DEOPT PACKING pc=0x0000026e918deb84 sp=0x000000a0556fbe30
Event: 59.609 Thread 0x0000026efc80d800 DEOPT UNPACKING pc=0x0000026e89af85af sp=0x000000a0556fbe50 mode 2

Classes redefined (0 events):
No events

Internal exceptions (20 events):
Event: 14.613 Thread 0x0000026efc80d800 Exception <a 'java/lang/NoSuchMethodError'{0x000000008a695cc0}: 'java.lang.Object java.lang.invoke.DelegatingMethodHandle$Holder.reinvoke_L(java.lang.Object, int, int, java.lang.Object, java.lang.Object, java.lang.Object)'> (0x000000008a695cc0) thrown at [s\src\hotspot\share\interpreter\linkResolver.cpp, line 773]
Event: 14.614 Thread 0x0000026efc80d800 Exception <a 'java/lang/NoSuchMethodError'{0x000000008a69a048}: 'java.lang.Object java.lang.invoke.DirectMethodHandle$Holder.invokeStatic(java.lang.Object, java.lang.Object, java.lang.Object, java.lang.Object, int)'> (0x000000008a69a048) thrown at [s\src\hotspot\share\interpreter\linkResolver.cpp, line 773]
Event: 15.123 Thread 0x0000026efc80d800 Exception <a 'java/lang/NoSuchMethodError'{0x000000008a5c0478}: 'void java.lang.invoke.DirectMethodHandle$Holder.invokeStatic(java.lang.Object, java.lang.Object, java.lang.Object, java.lang.Object)'> (0x000000008a5c0478) thrown at [s\src\hotspot\share\interpreter\linkResolver.cpp, line 773]
Event: 16.018 Thread 0x0000026efc80d800 Exception <a 'java/lang/NoSuchMethodError'{0x000000008a1aa5a8}: 'void java.lang.invoke.DirectMethodHandle$Holder.invokeStaticInit(java.lang.Object, java.lang.Object)'> (0x000000008a1aa5a8) thrown at [s\src\hotspot\share\interpreter\linkResolver.cpp, line 773]
Event: 18.371 Thread 0x0000026efc80d800 Exception <a 'java/lang/NoSuchMethodError'{0x0000000089c11c88}: 'void java.lang.invoke.DirectMethodHandle$Holder.invokeVirtual(java.lang.Object, java.lang.Object)'> (0x0000000089c11c88) thrown at [s\src\hotspot\share\interpreter\linkResolver.cpp, line 773]
Event: 18.399 Thread 0x0000026efc80d800 Exception <a 'java/lang/NoSuchMethodError'{0x0000000089ca7d60}: 'int java.lang.invoke.DirectMethodHandle$Holder.invokeVirtual(java.lang.Object, java.lang.Object)'> (0x0000000089ca7d60) thrown at [s\src\hotspot\share\interpreter\linkResolver.cpp, line 773]
Event: 26.423 Thread 0x0000026efc80d800 Exception <a 'java/lang/NoSuchMethodError'{0x000000008b03b820}: 'java.lang.Object java.lang.invoke.DirectMethodHandle$Holder.invokeVirtual(java.lang.Object, java.lang.Object, java.lang.Object)'> (0x000000008b03b820) thrown at [s\src\hotspot\share\interpreter\linkResolver.cpp, line 773]
Event: 33.161 Thread 0x0000026efc80d800 Exception <a 'java/lang/NoSuchMethodError'{0x0000000088667160}: 'java.lang.Object java.lang.invoke.Invokers$Holder.linkToTargetMethod(java.lang.Object, int, java.lang.Object)'> (0x0000000088667160) thrown at [s\src\hotspot\share\interpreter\linkResolver.cpp, line 773]
Event: 33.460 Thread 0x0000026efc80d800 Implicit null exception at 0x0000026e917130f0 to 0x0000026e917131b0
Event: 34.894 Thread 0x0000026efc80d800 Implicit null exception at 0x0000026e9171234c to 0x0000026e91712428
Event: 36.669 Thread 0x0000026efc80d800 Exception <a 'java/lang/NoSuchMethodError'{0x000000008aa4b658}: 'java.lang.Object java.lang.invoke.DirectMethodHandle$Holder.invokeStatic(java.lang.Object, java.lang.Object, java.lang.Object, int)'> (0x000000008aa4b658) thrown at [s\src\hotspot\share\interpreter\linkResolver.cpp, line 773]
Event: 36.670 Thread 0x0000026efc80d800 Exception <a 'java/lang/NoSuchMethodError'{0x000000008aa4f2c8}: 'java.lang.Object java.lang.invoke.DirectMethodHandle$Holder.invokeSpecial(java.lang.Object, java.lang.Object, java.lang.Object, java.lang.Object, int)'> (0x000000008aa4f2c8) thrown at [s\src\hotspot\share\interpreter\linkResolver.cpp, line 773]
Event: 36.670 Thread 0x0000026efc80d800 Exception <a 'java/lang/NoSuchMethodError'{0x000000008aa525d8}: 'java.lang.Object java.lang.invoke.Invokers$Holder.linkToTargetMethod(java.lang.Object, java.lang.Object, int, java.lang.Object)'> (0x000000008aa525d8) thrown at [s\src\hotspot\share\interpreter\linkResolver.cpp, line 773]
Event: 44.342 Thread 0x0000026efc80d800 Implicit null exception at 0x0000026e9174d6df to 0x0000026e91752c58
Event: 45.161 Thread 0x0000026efc80d800 Exception <a 'java/lang/NoSuchMethodError'{0x0000000088730af8}: 'java.lang.Object java.lang.invoke.DirectMethodHandle$Holder.invokeSpecial(java.lang.Object, java.lang.Object, java.lang.Object, java.lang.Object, java.lang.Object, int)'> (0x0000000088730af8) thrown at [s\src\hotspot\share\interpreter\linkResolver.cpp, line 773]
Event: 45.161 Thread 0x0000026efc80d800 Exception <a 'java/lang/NoSuchMethodError'{0x0000000088734940}: 'java.lang.Object java.lang.invoke.Invokers$Holder.linkToTargetMethod(java.lang.Object, java.lang.Object, java.lang.Object, int, java.lang.Object)'> (0x0000000088734940) thrown at [s\src\hotspot\share\interpreter\linkResolver.cpp, line 773]
Event: 47.022 Thread 0x0000026efc80d800 Exception <a 'java/lang/NoSuchMethodError'{0x000000008b1598c0}: 'int java.lang.invoke.DirectMethodHandle$Holder.invokeVirtual(java.lang.Object, java.lang.Object, java.lang.Object)'> (0x000000008b1598c0) thrown at [s\src\hotspot\share\interpreter\linkResolver.cpp, line 773]
Event: 47.026 Thread 0x0000026efc80d800 Exception <a 'java/lang/NoSuchMethodError'{0x000000008b184c98}: 'java.lang.Object java.lang.invoke.DirectMethodHandle$Holder.invokeStaticInit(java.lang.Object, java.lang.Object, java.lang.Object)'> (0x000000008b184c98) thrown at [s\src\hotspot\share\interpreter\linkResolver.cpp, line 773]
Event: 47.662 Thread 0x0000026efc80d800 Exception <a 'java/lang/NoSuchMethodError'{0x000000008aceeaa0}: 'java.lang.Object java.lang.invoke.DirectMethodHandle$Holder.invokeSpecial(java.lang.Object, java.lang.Object, java.lang.Object, java.lang.Object, java.lang.Object, java.lang.Object, java.lang.Object, java.lang.Object, java.lang.Object)'> (0x000000008aceeaa0) thrown at [s\src\hotspot\share\interpreter\linkResolver.cpp, line 773]
Event: 47.663 Thread 0x0000026efc80d800 Exception <a 'java/lang/NoSuchMethodError'{0x000000008acf2c98}: 'java.lang.Object java.lang.invoke.Invokers$Holder.linkToTargetMethod(java.lang.Object, java.lang.Object, java.lang.Object, java.lang.Object, java.lang.Object, java.lang.Object, java.lang.Object, java.lang.Object)'> (0x000000008acf2c98) thrown at [s\src\hotspot\share\interpreter\linkResolver.cpp, line 773]

Events (20 events):
Event: 57.528 loading class org/jetbrains/kotlin/descriptors/impl/ReceiverParameterDescriptorImpl done
Event: 57.529 loading class org/jetbrains/kotlin/resolve/scopes/receivers/TransientReceiver
Event: 57.529 loading class org/jetbrains/kotlin/resolve/scopes/receivers/TransientReceiver done
Event: 57.617 loading class org/jetbrains/kotlin/resolve/scopes/receivers/AbstractReceiverValue
Event: 57.617 loading class org/jetbrains/kotlin/resolve/scopes/receivers/AbstractReceiverValue done
Event: 57.663 loading class org/jetbrains/kotlin/descriptors/impl/FunctionDescriptorImpl$1
Event: 57.663 loading class org/jetbrains/kotlin/descriptors/impl/FunctionDescriptorImpl$1 done
Event: 58.593 Thread 0x0000026ea0ed3000 Thread added: 0x0000026ea0ed3000
Event: 58.756 loading class org/jetbrains/kotlin/resolve/jvm/diagnostics/ErrorsJvm
Event: 58.756 loading class org/jetbrains/kotlin/resolve/jvm/diagnostics/ErrorsJvm done
Event: 58.849 loading class org/jetbrains/kotlin/resolve/jvm/diagnostics/ErrorsJvm$1
Event: 58.849 loading class org/jetbrains/kotlin/resolve/jvm/diagnostics/ErrorsJvm$1 done
Event: 58.967 Thread 0x0000026ea0ed3000 Thread exited: 0x0000026ea0ed3000
Event: 58.971 loading class org/jetbrains/kotlin/load/java/structure/JavaTypesKt
Event: 58.971 loading class org/jetbrains/kotlin/load/java/structure/JavaTypesKt done
Event: 59.071 loading class org/jetbrains/kotlin/types/checker/ClassicTypeSystemContext$substitutionSupertypePolicy$2
Event: 59.071 loading class org/jetbrains/kotlin/types/checker/ClassicTypeSystemContext$substitutionSupertypePolicy$2 done
Event: 59.290 loading class org/jetbrains/kotlin/types/TypeCheckerState$SupertypesPolicy$DoCustomTransform
Event: 59.290 loading class org/jetbrains/kotlin/types/TypeCheckerState$SupertypesPolicy$DoCustomTransform done
Event: 59.578 Thread 0x0000026ea0f32000 Thread added: 0x0000026ea0f32000


Dynamic libraries:
0x00007ff6d78f0000 - 0x00007ff6d78fe000 	C:\Program Files\OpenLogic\jdk-11.0.25.9-hotspot\bin\java.exe
0x00007ff8c21d0000 - 0x00007ff8c23e7000 	C:\WINDOWS\SYSTEM32\ntdll.dll
0x00007ff8c0b90000 - 0x00007ff8c0c54000 	C:\WINDOWS\System32\KERNEL32.DLL
0x00007ff8bf8b0000 - 0x00007ff8bfc6a000 	C:\WINDOWS\System32\KERNELBASE.dll
0x00007ff8bf5c0000 - 0x00007ff8bf6d1000 	C:\WINDOWS\System32\ucrtbase.dll
0x00007ff89d1f0000 - 0x00007ff89d20b000 	C:\Program Files\OpenLogic\jdk-11.0.25.9-hotspot\bin\VCRUNTIME140.dll
0x00007ff8a66f0000 - 0x00007ff8a6707000 	C:\Program Files\OpenLogic\jdk-11.0.25.9-hotspot\bin\jli.dll
0x00007ff8c0c60000 - 0x00007ff8c0e0e000 	C:\WINDOWS\System32\USER32.dll
0x00007ff8a2000000 - 0x00007ff8a2292000 	C:\WINDOWS\WinSxS\amd64_microsoft.windows.common-controls_6595b64144ccf1df_6.0.22621.4541_none_2710d1c57384c085\COMCTL32.dll
0x00007ff8c15e0000 - 0x00007ff8c1687000 	C:\WINDOWS\System32\msvcrt.dll
0x00007ff8c1940000 - 0x00007ff8c1969000 	C:\WINDOWS\System32\GDI32.dll
0x00007ff8bf4a0000 - 0x00007ff8bf5bb000 	C:\WINDOWS\System32\gdi32full.dll
0x00007ff8bfcf0000 - 0x00007ff8bfd8a000 	C:\WINDOWS\System32\msvcp_win.dll
0x00007ff8bf6e0000 - 0x00007ff8bf706000 	C:\WINDOWS\System32\win32u.dll
0x00007ff8c1ac0000 - 0x00007ff8c1af1000 	C:\WINDOWS\System32\IMM32.DLL
0x00007ff8ae7e0000 - 0x00007ff8ae7ec000 	C:\Program Files\OpenLogic\jdk-11.0.25.9-hotspot\bin\vcruntime140_1.dll
0x00007ff87f780000 - 0x00007ff87f80d000 	C:\Program Files\OpenLogic\jdk-11.0.25.9-hotspot\bin\msvcp140.dll
0x00007ff865bc0000 - 0x00007ff86670f000 	C:\Program Files\OpenLogic\jdk-11.0.25.9-hotspot\bin\server\jvm.dll
0x00007ff8c1b00000 - 0x00007ff8c1bb2000 	C:\WINDOWS\System32\ADVAPI32.dll
0x00007ff8c19f0000 - 0x00007ff8c1a97000 	C:\WINDOWS\System32\sechost.dll
0x00007ff8bf880000 - 0x00007ff8bf8a8000 	C:\WINDOWS\System32\bcrypt.dll
0x00007ff8c17a0000 - 0x00007ff8c18b4000 	C:\WINDOWS\System32\RPCRT4.dll
0x00007ff8c1970000 - 0x00007ff8c19e1000 	C:\WINDOWS\System32\WS2_32.dll
0x00007ff8c1790000 - 0x00007ff8c1798000 	C:\WINDOWS\System32\PSAPI.DLL
0x00007ff8b8bf0000 - 0x00007ff8b8c24000 	C:\WINDOWS\SYSTEM32\WINMM.dll
0x00007ff8aedb0000 - 0x00007ff8aedba000 	C:\WINDOWS\SYSTEM32\VERSION.dll
0x00007ff8be3b0000 - 0x00007ff8be3c8000 	C:\WINDOWS\SYSTEM32\kernel.appcore.dll
0x00007ff8a7c40000 - 0x00007ff8a7c50000 	C:\Program Files\OpenLogic\jdk-11.0.25.9-hotspot\bin\verify.dll
0x00007ff8bca90000 - 0x00007ff8bccc2000 	C:\WINDOWS\SYSTEM32\DBGHELP.DLL
0x00007ff8c0800000 - 0x00007ff8c0b8f000 	C:\WINDOWS\System32\combase.dll
0x00007ff8c0ea0000 - 0x00007ff8c0f77000 	C:\WINDOWS\System32\OLEAUT32.dll
0x00007ff8aef70000 - 0x00007ff8aefa2000 	C:\WINDOWS\SYSTEM32\dbgcore.DLL
0x00007ff8bfc70000 - 0x00007ff8bfceb000 	C:\WINDOWS\System32\bcryptPrimitives.dll
0x00007ff891bd0000 - 0x00007ff891bf8000 	C:\Program Files\OpenLogic\jdk-11.0.25.9-hotspot\bin\java.dll
0x00007ff8a73f0000 - 0x00007ff8a73fa000 	C:\Program Files\OpenLogic\jdk-11.0.25.9-hotspot\bin\jimage.dll
0x00007ff89b510000 - 0x00007ff89b528000 	C:\Program Files\OpenLogic\jdk-11.0.25.9-hotspot\bin\zip.dll
0x00007ff8bff80000 - 0x00007ff8c07f8000 	C:\WINDOWS\System32\SHELL32.dll
0x00007ff8bd1f0000 - 0x00007ff8bdaf8000 	C:\WINDOWS\SYSTEM32\windows.storage.dll
0x00007ff8bd0b0000 - 0x00007ff8bd1ef000 	C:\WINDOWS\SYSTEM32\wintypes.dll
0x00007ff8c1690000 - 0x00007ff8c178a000 	C:\WINDOWS\System32\SHCORE.dll
0x00007ff8c1480000 - 0x00007ff8c14de000 	C:\WINDOWS\System32\shlwapi.dll
0x00007ff8bf3d0000 - 0x00007ff8bf3fb000 	C:\WINDOWS\SYSTEM32\profapi.dll
0x00007ff89ae50000 - 0x00007ff89ae69000 	C:\Program Files\OpenLogic\jdk-11.0.25.9-hotspot\bin\net.dll
0x00007ff8be3d0000 - 0x00007ff8be506000 	C:\WINDOWS\SYSTEM32\WINHTTP.dll
0x00007ff8be960000 - 0x00007ff8be9c9000 	C:\WINDOWS\system32\mswsock.dll
0x00007ff894590000 - 0x00007ff8945a2000 	C:\Program Files\OpenLogic\jdk-11.0.25.9-hotspot\bin\nio.dll

dbghelp: loaded successfully - version: 4.0.5 - missing functions: none
symbol engine: initialized successfully - sym options: 0x614 - pdb path: .;C:\Program Files\OpenLogic\jdk-11.0.25.9-hotspot\bin;C:\WINDOWS\SYSTEM32;C:\WINDOWS\WinSxS\amd64_microsoft.windows.common-controls_6595b64144ccf1df_6.0.22621.4541_none_2710d1c57384c085;C:\Program Files\OpenLogic\jdk-11.0.25.9-hotspot\bin\server

VM Arguments:
java_command: org.jetbrains.kotlin.cli.jvm.K2JVMCompiler @C:\Users\thuralynnhtun\react-native\eCommerceApp\node_modules\react-native-screens\android\build\20250102_3817526639590588503.compiler.options
java_class_path (initial): C:\Users\thuralynnhtun\.gradle\caches\modules-2\files-2.1\org.jetbrains.kotlin\kotlin-compiler-embeddable\1.8.0\eb9118d4bcceaa2a94b2ae2a33a4ddba7c9a947f\kotlin-compiler-embeddable-1.8.0.jar;C:\Users\thuralynnhtun\.gradle\caches\modules-2\files-2.1\org.jetbrains.kotlin\kotlin-stdlib\1.8.0\1796921c7a3e2e2665a83e6c8d33399336cd39bc\kotlin-stdlib-1.8.0.jar;C:\Users\thuralynnhtun\.gradle\caches\modules-2\files-2.1\org.jetbrains.kotlin\kotlin-script-runtime\1.8.0\b2f7e760d283cb339974851c222a4c1d48f2d3d\kotlin-script-runtime-1.8.0.jar;C:\Users\thuralynnhtun\.gradle\caches\modules-2\files-2.1\org.jetbrains.kotlin\kotlin-reflect\1.6.10\1cbe9c92c12a94eea200d23c2bbaedaf3daf5132\kotlin-reflect-1.6.10.jar;C:\Users\thuralynnhtun\.gradle\caches\modules-2\files-2.1\org.jetbrains.kotlin\kotlin-daemon-embeddable\1.8.0\d255216c551685dc3a7e852b53617f5f01aaaa5c\kotlin-daemon-embeddable-1.8.0.jar;C:\Users\thuralynnhtun\.gradle\caches\modules-2\files-2.1\org.jetbrains.intellij.deps\trove4j\1.0.20200330\3afb14d5f9ceb459d724e907a21145e8ff394f02\trove4j-1.0.20200330.jar;C:\Users\thuralynnhtun\.gradle\caches\modules-2\files-2.1\net.java.dev.jna\jna\5.6.0\330f2244e9030119ab3030fc3fededc86713d9cc\jna-5.6.0.jar;C:\Users\thuralynnhtun\.gradle\caches\modules-2\files-2.1\org.jetbrains.kotlin\kotlin-stdlib-common\1.8.0\f7197e7cc76453ac59f8b0f8d5137cc600becd36\kotlin-stdlib-common-1.8.0.jar;C:\Users\thuralynnhtun\.gradle\caches\modules-2\files-2.1\org.jetbrains\annotations\13.0\919f0dfe192fb4e063e7dacadee7f8bb9a2672a9\annotations-13.0.jar
Launcher Type: SUN_STANDARD

[Global flags]
     intx CICompilerCount                          = 3                                         {product} {ergonomic}
     uint ConcGCThreads                            = 1                                         {product} {ergonomic}
     uint G1ConcRefinementThreads                  = 4                                         {product} {ergonomic}
   size_t G1HeapRegionSize                         = 1048576                                   {product} {ergonomic}
    uintx GCDrainStackTargetSize                   = 64                                        {product} {ergonomic}
   size_t InitialHeapSize                          = 132120576                                 {product} {ergonomic}
   size_t MarkStackSize                            = 4194304                                   {product} {ergonomic}
   size_t MaxHeapSize                              = 2090860544                                {product} {ergonomic}
   size_t MaxNewSize                               = 1254096896                                {product} {ergonomic}
   size_t MinHeapDeltaBytes                        = 1048576                                   {product} {ergonomic}
    uintx NonNMethodCodeHeapSize                   = 5830732                                {pd product} {ergonomic}
    uintx NonProfiledCodeHeapSize                  = 122913754                              {pd product} {ergonomic}
    uintx ProfiledCodeHeapSize                     = 122913754                              {pd product} {ergonomic}
    uintx ReservedCodeCacheSize                    = 251658240                              {pd product} {ergonomic}
     bool SegmentedCodeCache                       = true                                      {product} {ergonomic}
     bool UseCompressedClassPointers               = true                                 {lp64_product} {ergonomic}
     bool UseCompressedOops                        = true                                 {lp64_product} {ergonomic}
     bool UseG1GC                                  = true                                      {product} {ergonomic}
     bool UseLargePagesIndividualAllocation        = false                                  {pd product} {ergonomic}

Logging:
Log output configuration:
 #0: stdout all=warning uptime,level,tags
 #1: stderr all=off uptime,level,tags

Environment Variables:
JAVA_HOME=C:\Program Files\OpenLogic\jdk-11.0.25.9-hotspot\
CLASSPATH=C:\Users\thuralynnhtun\react-native\eCommerceApp\android\\gradle\wrapper\gradle-wrapper.jar
PATH=C:\Users\thuralynnhtun\react-native\eCommerceApp\android\node_modules\.bin;C:\Users\thuralynnhtun\react-native\eCommerceApp\node_modules\.bin;C:\Users\thuralynnhtun\react-native\node_modules\.bin;C:\Users\thuralynnhtun\node_modules\.bin;C:\Users\node_modules\.bin;C:\node_modules\.bin;C:\Program Files\nodejs;C:\Users\thuralynnhtun\react-native\eCommerceApp\node_modules\.bin;C:\Users\thuralynnhtun\react-native\eCommerceApp\node_modules\.bin;C:\Users\thuralynnhtun\react-native\node_modules\.bin;C:\Users\thuralynnhtun\node_modules\.bin;C:\Users\node_modules\.bin;C:\node_modules\.bin;C:\Users\uabsys01\AppData\Roaming\nvm\v18.20.4\node_modules\npm\node_modules\@npmcli\run-script\lib\node-gyp-bin;C:\Users\thuralynnhtun\react-native\eCommerceApp\node_modules\.bin;C:\Users\thuralynnhtun\react-native\node_modules\.bin;C:\Users\thuralynnhtun\node_modules\.bin;C:\Users\node_modules\.bin;C:\node_modules\.bin;C:\Program Files\nodejs;C:\Users\thuralynnhtun\react-native\eCommerceApp\node_modules\.bin;C:\Users\thuralynnhtun\react-native\node_modules\.bin;C:\Users\thuralynnhtun\node_modules\.bin;C:\Users\node_modules\.bin;C:\node_modules\.bin;C:\Users\uabsys01\AppData\Roaming\nvm\v18.20.4\node_modules\npm\node_modules\@npmcli\run-script\lib\node-gyp-bin;C:\Users\thuralynnhtun\bin;C:\Users\thuralynnhtun\AppData\Local\Programs\Git\mingw64\bin;C:\Users\thuralynnhtun\AppData\Local\Programs\Git\usr\local\bin;C:\Users\thuralynnhtun\AppData\Local\Programs\Git\usr\bin;C:\Users\thuralynnhtun\AppData\Local\Programs\Git\usr\bin;C:\Users\thuralynnhtun\AppData\Local\Programs\Git\mingw64\bin;C:\Users\thuralynnhtun\AppData\Local\Programs\Git\usr\bin;C:\Users\thuralynnhtun\bin;C:\Program Files\OpenLogic\jdk-17.0.13.11-hotspot\bin;C:\WINDOWS\system32;C:\WINDOWS;C:\WINDOWS\System32\Wbem;C:\WINDOWS\System32\WindowsPowerShell\v1.0;C:\WINDOWS\System32\OpenSSH;C:\Users\thuralynnhtun\nvm;C:\Program Files\nodejs;C:\Users\thuralynnhtun\nvm;C:\Users\thuralynnhtun\nvm\v18.20.4;C:\Users\thuralynnhtun\AppData\
USERNAME=thuralynnhtun
SHELL=C:\Users\thuralynnhtun\AppData\Local\Programs\Git\usr\bin\bash.exe
DISPLAY=needs-to-be-defined
LANG=en_US.UTF-8
TERM=xterm-256color
TMPDIR=C:\Users\THURAL~1\AppData\Local\Temp
OS=Windows_NT
PROCESSOR_IDENTIFIER=Intel64 Family 6 Model 140 Stepping 1, GenuineIntel
TMP=C:\Users\THURAL~1\AppData\Local\Temp
TEMP=C:\Users\THURAL~1\AppData\Local\Temp



---------------  S Y S T E M  ---------------

OS: Windows 11 , 64 bit Build 22621 (10.0.22621.4391)
OS uptime: 9 days 7:35 hours
Hyper-V role detected

CPU:total 4 (initial active 4) (2 cores per cpu, 2 threads per core) family 6 model 140 stepping 1 microcode 0x86, cmov, cx8, fxsr, mmx, sse, sse2, sse3, ssse3, sse4.1, sse4.2, popcnt, avx, avx2, aes, clmul, erms, 3dnowpref, lzcnt, ht, tsc, tscinvbit, bmi1, bmi2, adx, evex, sha, fma

Memory: 4k page, system-wide physical 7975M (1068M free)
TotalPageFile size 23078M (AvailPageFile size 0M)
current process WorkingSet (physical memory assigned to process): 219M, peak: 219M
current process commit charge ("private bytes"): 316M, peak: 316M

vm_info: OpenJDK 64-Bit Server VM (11.0.25+9-adhoc..jdk11u) for windows-amd64 JRE (11.0.25+9-adhoc..jdk11u), built on Oct 18 2024 03:03:28 by "" with MS VC++ 16.10 / 16.11 (VS2019)

END.
