#
# There is insufficient memory for the Java Runtime Environment to continue.
# Native memory allocation (malloc) failed to allocate 181296 bytes for Chunk::new
# Possible reasons:
#   The system is out of physical RAM or swap space
#   The process is running with CompressedOops enabled, and the Java Heap may be blocking the growth of the native heap
# Possible solutions:
#   Reduce memory load on the system
#   Increase physical memory or swap space
#   Check if swap backing store is full
#   Decrease Java heap size (-Xmx/-Xms)
#   Decrease number of Java threads
#   Decrease Java thread stack sizes (-Xss)
#   Set larger code cache with -XX:ReservedCodeCacheSize=
#   JVM is running with Unscaled Compressed Oops mode in which the Java heap is
#     placed in the first 4GB address space. The Java Heap base address is the
#     maximum limit for the native heap growth. Please use -XX:HeapBaseMinAddress
#     to set the Java Heap base and to place the Java Heap above 4GB virtual address.
# This output file may be truncated or incomplete.
#
#  Out of Memory Error (arena.cpp:197), pid=22720, tid=1472
#
# JRE version: OpenJDK Runtime Environment OpenLogic-OpenJDK (11.0.25+9) (build 11.0.25+9-adhoc..jdk11u)
# Java VM: OpenJDK 64-Bit Server VM OpenLogic-OpenJDK (11.0.25+9-adhoc..jdk11u, mixed mode, tiered, compressed oops, g1 gc, windows-amd64)
# No core dump will be written. Minidumps are not enabled by default on client versions of Windows
#

---------------  S U M M A R Y ------------

Command Line: org.jetbrains.kotlin.cli.jvm.K2JVMCompiler @C:\Users\thuralynnhtun\react-native\eCommerceApp\node_modules\react-native-screens\android\build\20250102_14784342320079797549.compiler.options

Host: 11th Gen Intel(R) Core(TM) i3-1115G4 @ 3.00GHz, 4 cores, 7G,  Windows 11 , 64 bit Build 22621 (10.0.22621.4391)
Time: Thu Jan  2 17:39:17 2025 Myanmar Standard Time elapsed time: 63.287615 seconds (0d 0h 1m 3s)

---------------  T H R E A D  ---------------

Current thread (0x000001e0c6da2800):  JavaThread "C2 CompilerThread1" daemon [_thread_in_native, id=1472, stack(0x000000077ac00000,0x000000077ad00000)]


Current CompileTask:
C2:  63287 5701       4       org.jetbrains.kotlin.parsing.KotlinExpressionParsing::parseBinaryExpression (70 bytes)

Stack: [0x000000077ac00000,0x000000077ad00000]
Native frames: (J=compiled Java code, j=interpreted, Vv=VM code, C=native code)
V  [jvm.dll+0x64198a]
V  [jvm.dll+0x786c19]
V  [jvm.dll+0x788319]
V  [jvm.dll+0x788a03]
V  [jvm.dll+0x267ee5]
V  [jvm.dll+0xc10bc]
V  [jvm.dll+0xc166c]
V  [jvm.dll+0x377772]
V  [jvm.dll+0x1b2185]
V  [jvm.dll+0x21ffdf]
V  [jvm.dll+0x21ee98]
V  [jvm.dll+0x19c631]
V  [jvm.dll+0x22ee49]
V  [jvm.dll+0x22cfbf]
V  [jvm.dll+0x747fd1]
V  [jvm.dll+0x740d04]
V  [jvm.dll+0x640745]
C  [ucrtbase.dll+0x29333]
C  [KERNEL32.DLL+0x1259d]
C  [ntdll.dll+0x5af38]


---------------  P R O C E S S  ---------------

Threads class SMR info:
_java_thread_list=0x000001e0c47660a0, length=11, elements={
0x000001e0a278b800, 0x000001e0c2285000, 0x000001e0c2286000, 0x000001e0c2282000,
0x000001e0c2295800, 0x000001e0c2297000, 0x000001e0c2ba0800, 0x000001e0c229a000,
0x000001e0c2c51000, 0x000001e0c2d5b000, 0x000001e0c6da2800
}

Java Threads: ( => current thread )
  0x000001e0a278b800 JavaThread "main" [_thread_blocked, id=20896, stack(0x0000000779900000,0x0000000779a00000)]
  0x000001e0c2285000 JavaThread "Reference Handler" daemon [_thread_blocked, id=25604, stack(0x000000077a000000,0x000000077a100000)]
  0x000001e0c2286000 JavaThread "Finalizer" daemon [_thread_blocked, id=10656, stack(0x000000077a100000,0x000000077a200000)]
  0x000001e0c2282000 JavaThread "Signal Dispatcher" daemon [_thread_blocked, id=24492, stack(0x000000077a200000,0x000000077a300000)]
  0x000001e0c2295800 JavaThread "Attach Listener" daemon [_thread_blocked, id=13612, stack(0x000000077a300000,0x000000077a400000)]
  0x000001e0c2297000 JavaThread "Service Thread" daemon [_thread_blocked, id=25812, stack(0x000000077a400000,0x000000077a500000)]
  0x000001e0c2ba0800 JavaThread "C2 CompilerThread0" daemon [_thread_in_native, id=26160, stack(0x000000077a500000,0x000000077a600000)]
  0x000001e0c229a000 JavaThread "C1 CompilerThread0" daemon [_thread_blocked, id=16412, stack(0x000000077a600000,0x000000077a700000)]
  0x000001e0c2c51000 JavaThread "Sweeper thread" daemon [_thread_blocked, id=6928, stack(0x000000077a700000,0x000000077a800000)]
  0x000001e0c2d5b000 JavaThread "Common-Cleaner" daemon [_thread_blocked, id=11276, stack(0x000000077a900000,0x000000077aa00000)]
=>0x000001e0c6da2800 JavaThread "C2 CompilerThread1" daemon [_thread_in_native, id=1472, stack(0x000000077ac00000,0x000000077ad00000)]

Other Threads:
  0x000001e0c224d800 VMThread "VM Thread" [stack: 0x0000000779f00000,0x000000077a000000] [id=6236]
  0x000001e0c2d50800 WatcherThread [stack: 0x000000077a800000,0x000000077a900000] [id=18584]
  0x000001e0a27a4000 GCTaskThread "GC Thread#0" [stack: 0x0000000779a00000,0x0000000779b00000] [id=16760]
  0x000001e0c3147000 GCTaskThread "GC Thread#1" [stack: 0x000000077aa00000,0x000000077ab00000] [id=14664]
  0x000001e0c313d800 GCTaskThread "GC Thread#2" [stack: 0x000000077ab00000,0x000000077ac00000] [id=10860]
  0x000001e0a27d4800 ConcurrentGCThread "G1 Main Marker" [stack: 0x0000000779b00000,0x0000000779c00000] [id=17660]
  0x000001e0a27d7000 ConcurrentGCThread "G1 Conc#0" [stack: 0x0000000779c00000,0x0000000779d00000] [id=6840]
  0x000001e0a284d800 ConcurrentGCThread "G1 Refine#0" [stack: 0x0000000779d00000,0x0000000779e00000] [id=14320]
  0x000001e0a284e800 ConcurrentGCThread "G1 Young RemSet Sampling" [stack: 0x0000000779e00000,0x0000000779f00000] [id=14588]

Threads with active compile tasks:
C2 CompilerThread0    63722 5686       4       org.jetbrains.kotlin.lexer._JetLexer::advance (2257 bytes)
C1 CompilerThread0    63723 5824       3       org.jetbrains.kotlin.resolve.lazy.descriptors.LazyClassDescriptor::getValueClassRepresentation (170 bytes)
C2 CompilerThread1    63723 5701       4       org.jetbrains.kotlin.parsing.KotlinExpressionParsing::parseBinaryExpression (70 bytes)

VM state:at safepoint (normal execution)

VM Mutex/Monitor currently owned by a thread:  ([mutex/lock_event])
[0x000001e0a069a740] Threads_lock - owner thread: 0x000001e0c224d800
[0x000001e0a069dd40] Heap_lock - owner thread: 0x000001e0a278b800
[0x000001e0a069cfc0] MethodData_lock - owner thread: 0x000001e0a278b800

Heap address: 0x0000000083600000, size: 1994 MB, Compressed Oops mode: 32-bit
Narrow klass base: 0x0000000000000000, Narrow klass shift: 3
Compressed class space size: 1073741824 Address: 0x0000000100000000

Heap:
 garbage-first heap   total 129024K, used 44211K [0x0000000083600000, 0x0000000100000000)
  region size 1024K, 6 young (6144K), 6 survivors (6144K)
 Metaspace       used 56484K, capacity 57193K, committed 57344K, reserved 1107968K
  class space    used 6489K, capacity 6788K, committed 6912K, reserved 1048576K
Heap Regions: E=young(eden), S=young(survivor), O=old, HS=humongous(starts), HC=humongous(continues), CS=collection set, F=free, A=archive, TAMS=top-at-mark-start (previous, next)
|   0|0x0000000083600000, 0x0000000083700000, 0x0000000083700000|100%|HS|  |TAMS 0x0000000083700000, 0x0000000083700000| Complete 
|   1|0x0000000083700000, 0x0000000083800000, 0x0000000083800000|100%|HC|  |TAMS 0x0000000083800000, 0x0000000083800000| Complete 
|   2|0x0000000083800000, 0x0000000083900000, 0x0000000083900000|100%|HC|  |TAMS 0x0000000083900000, 0x0000000083900000| Complete 
|   3|0x0000000083900000, 0x0000000083a00000, 0x0000000083a00000|100%|HC|  |TAMS 0x0000000083a00000, 0x0000000083a00000| Complete 
|   4|0x0000000083a00000, 0x0000000083b00000, 0x0000000083b00000|100%| O|  |TAMS 0x0000000083b00000, 0x0000000083b00000| Untracked 
|   5|0x0000000083b00000, 0x0000000083c00000, 0x0000000083c00000|100%| O|  |TAMS 0x0000000083c00000, 0x0000000083c00000| Untracked 
|   6|0x0000000083c00000, 0x0000000083d00000, 0x0000000083d00000|100%|HS|  |TAMS 0x0000000083d00000, 0x0000000083d00000| Complete 
|   7|0x0000000083d00000, 0x0000000083e00000, 0x0000000083e00000|100%|HC|  |TAMS 0x0000000083e00000, 0x0000000083e00000| Complete 
|   8|0x0000000083e00000, 0x0000000083f00000, 0x0000000083f00000|100%|HC|  |TAMS 0x0000000083f00000, 0x0000000083f00000| Complete 
|   9|0x0000000083f00000, 0x0000000084000000, 0x0000000084000000|100%|HC|  |TAMS 0x0000000084000000, 0x0000000084000000| Complete 
|  10|0x0000000084000000, 0x0000000084100000, 0x0000000084100000|100%|HS|  |TAMS 0x0000000084000000, 0x0000000084100000| Complete 
|  11|0x0000000084100000, 0x0000000084200000, 0x0000000084200000|100%|HC|  |TAMS 0x0000000084100000, 0x0000000084200000| Complete 
|  12|0x0000000084200000, 0x0000000084300000, 0x0000000084300000|100%| O|  |TAMS 0x0000000084300000, 0x0000000084300000| Untracked 
|  13|0x0000000084300000, 0x0000000084400000, 0x0000000084400000|100%| O|  |TAMS 0x0000000084400000, 0x0000000084400000| Untracked 
|  14|0x0000000084400000, 0x0000000084500000, 0x0000000084500000|100%| O|  |TAMS 0x0000000084500000, 0x0000000084500000| Untracked 
|  15|0x0000000084500000, 0x0000000084600000, 0x0000000084600000|100%| O|  |TAMS 0x0000000084600000, 0x0000000084600000| Untracked 
|  16|0x0000000084600000, 0x0000000084700000, 0x0000000084700000|100%| O|  |TAMS 0x0000000084700000, 0x0000000084700000| Untracked 
|  17|0x0000000084700000, 0x0000000084800000, 0x0000000084800000|100%| O|  |TAMS 0x0000000084800000, 0x0000000084800000| Untracked 
|  18|0x0000000084800000, 0x0000000084900000, 0x0000000084900000|100%| O|  |TAMS 0x0000000084900000, 0x0000000084900000| Untracked 
|  19|0x0000000084900000, 0x0000000084a00000, 0x0000000084a00000|100%| O|  |TAMS 0x0000000084a00000, 0x0000000084a00000| Untracked 
|  20|0x0000000084a00000, 0x0000000084b00000, 0x0000000084b00000|100%| O|  |TAMS 0x0000000084b00000, 0x0000000084b00000| Untracked 
|  21|0x0000000084b00000, 0x0000000084c00000, 0x0000000084c00000|100%| O|  |TAMS 0x0000000084c00000, 0x0000000084c00000| Untracked 
|  22|0x0000000084c00000, 0x0000000084d00000, 0x0000000084d00000|100%| O|  |TAMS 0x0000000084d00000, 0x0000000084d00000| Untracked 
|  23|0x0000000084d00000, 0x0000000084e00000, 0x0000000084e00000|100%| O|  |TAMS 0x0000000084d3d200, 0x0000000084e00000| Untracked 
|  24|0x0000000084e00000, 0x0000000084f00000, 0x0000000084f00000|100%| O|  |TAMS 0x0000000084e00000, 0x0000000084f00000| Untracked 
|  25|0x0000000084f00000, 0x0000000085000000, 0x0000000085000000|100%| O|  |TAMS 0x0000000084f00000, 0x0000000085000000| Untracked 
|  26|0x0000000085000000, 0x0000000085100000, 0x0000000085100000|100%| O|  |TAMS 0x0000000085000000, 0x0000000085100000| Untracked 
|  27|0x0000000085100000, 0x0000000085200000, 0x0000000085200000|100%| O|  |TAMS 0x0000000085100000, 0x0000000085200000| Untracked 
|  28|0x0000000085200000, 0x0000000085300000, 0x0000000085300000|100%| O|  |TAMS 0x0000000085200000, 0x0000000085300000| Untracked 
|  29|0x0000000085300000, 0x0000000085400000, 0x0000000085400000|100%| O|  |TAMS 0x0000000085300000, 0x0000000085400000| Untracked 
|  30|0x0000000085400000, 0x0000000085400000, 0x0000000085500000|  0%| F|  |TAMS 0x0000000085400000, 0x0000000085400000| Untracked 
|  31|0x0000000085500000, 0x0000000085600000, 0x0000000085600000|100%| O|  |TAMS 0x0000000085500000, 0x0000000085600000| Untracked 
|  32|0x0000000085600000, 0x0000000085700000, 0x0000000085700000|100%| O|  |TAMS 0x0000000085600000, 0x0000000085700000| Untracked 
|  33|0x0000000085700000, 0x0000000085800000, 0x0000000085800000|100%| O|  |TAMS 0x0000000085700000, 0x0000000085800000| Untracked 
|  34|0x0000000085800000, 0x0000000085900000, 0x0000000085900000|100%| O|  |TAMS 0x0000000085800000, 0x0000000085900000| Untracked 
|  35|0x0000000085900000, 0x0000000085a00000, 0x0000000085a00000|100%| O|  |TAMS 0x0000000085900000, 0x0000000085a00000| Untracked 
|  36|0x0000000085a00000, 0x0000000085b00000, 0x0000000085b00000|100%| O|  |TAMS 0x0000000085a00000, 0x0000000085b00000| Untracked 
|  37|0x0000000085b00000, 0x0000000085c00000, 0x0000000085c00000|100%| O|  |TAMS 0x0000000085b00000, 0x0000000085c00000| Untracked 
|  38|0x0000000085c00000, 0x0000000085c55a00, 0x0000000085d00000| 33%| O|  |TAMS 0x0000000085c00000, 0x0000000085c55a00| Untracked 
|  39|0x0000000085d00000, 0x0000000085d00000, 0x0000000085e00000|  0%| F|  |TAMS 0x0000000085d00000, 0x0000000085d00000| Untracked 
|  40|0x0000000085e00000, 0x0000000085e00000, 0x0000000085f00000|  0%| F|  |TAMS 0x0000000085e00000, 0x0000000085e00000| Untracked 
|  41|0x0000000085f00000, 0x0000000085f00000, 0x0000000086000000|  0%| F|  |TAMS 0x0000000085f00000, 0x0000000085f00000| Untracked 
|  42|0x0000000086000000, 0x0000000086000000, 0x0000000086100000|  0%| F|  |TAMS 0x0000000086000000, 0x0000000086000000| Untracked 
|  43|0x0000000086100000, 0x0000000086100000, 0x0000000086200000|  0%| F|  |TAMS 0x0000000086100000, 0x0000000086100000| Untracked 
|  44|0x0000000086200000, 0x0000000086200000, 0x0000000086300000|  0%| F|  |TAMS 0x0000000086200000, 0x0000000086200000| Untracked 
|  45|0x0000000086300000, 0x0000000086300000, 0x0000000086400000|  0%| F|  |TAMS 0x0000000086300000, 0x0000000086300000| Untracked 
|  46|0x0000000086400000, 0x0000000086400000, 0x0000000086500000|  0%| F|  |TAMS 0x0000000086400000, 0x0000000086400000| Untracked 
|  47|0x0000000086500000, 0x0000000086500000, 0x0000000086600000|  0%| F|  |TAMS 0x0000000086500000, 0x0000000086500000| Untracked 
|  48|0x0000000086600000, 0x0000000086600000, 0x0000000086700000|  0%| F|  |TAMS 0x0000000086600000, 0x0000000086600000| Untracked 
|  49|0x0000000086700000, 0x0000000086700000, 0x0000000086800000|  0%| F|  |TAMS 0x0000000086700000, 0x0000000086700000| Untracked 
|  50|0x0000000086800000, 0x0000000086800000, 0x0000000086900000|  0%| F|  |TAMS 0x0000000086800000, 0x0000000086800000| Untracked 
|  51|0x0000000086900000, 0x0000000086900000, 0x0000000086a00000|  0%| F|  |TAMS 0x0000000086900000, 0x0000000086900000| Untracked 
|  52|0x0000000086a00000, 0x0000000086a00000, 0x0000000086b00000|  0%| F|  |TAMS 0x0000000086a00000, 0x0000000086a00000| Untracked 
|  53|0x0000000086b00000, 0x0000000086b00000, 0x0000000086c00000|  0%| F|  |TAMS 0x0000000086b00000, 0x0000000086b00000| Untracked 
|  54|0x0000000086c00000, 0x0000000086c00000, 0x0000000086d00000|  0%| F|  |TAMS 0x0000000086c00000, 0x0000000086c00000| Untracked 
|  55|0x0000000086d00000, 0x0000000086d00000, 0x0000000086e00000|  0%| F|  |TAMS 0x0000000086d00000, 0x0000000086d00000| Untracked 
|  56|0x0000000086e00000, 0x0000000086e00000, 0x0000000086f00000|  0%| F|  |TAMS 0x0000000086e00000, 0x0000000086e00000| Untracked 
|  57|0x0000000086f00000, 0x0000000086f00000, 0x0000000087000000|  0%| F|  |TAMS 0x0000000086f00000, 0x0000000086f00000| Untracked 
|  58|0x0000000087000000, 0x0000000087000000, 0x0000000087100000|  0%| F|  |TAMS 0x0000000087000000, 0x0000000087000000| Untracked 
|  59|0x0000000087100000, 0x0000000087100000, 0x0000000087200000|  0%| F|  |TAMS 0x0000000087100000, 0x0000000087100000| Untracked 
|  60|0x0000000087200000, 0x0000000087200000, 0x0000000087300000|  0%| F|  |TAMS 0x0000000087200000, 0x0000000087200000| Untracked 
|  61|0x0000000087300000, 0x0000000087300000, 0x0000000087400000|  0%| F|  |TAMS 0x0000000087300000, 0x0000000087300000| Untracked 
|  62|0x0000000087400000, 0x0000000087400000, 0x0000000087500000|  0%| F|  |TAMS 0x0000000087400000, 0x0000000087400000| Untracked 
|  63|0x0000000087500000, 0x0000000087500000, 0x0000000087600000|  0%| F|  |TAMS 0x0000000087500000, 0x0000000087500000| Untracked 
|  64|0x0000000087600000, 0x0000000087600000, 0x0000000087700000|  0%| F|  |TAMS 0x0000000087600000, 0x0000000087600000| Untracked 
|  65|0x0000000087700000, 0x0000000087700000, 0x0000000087800000|  0%| F|  |TAMS 0x0000000087700000, 0x0000000087700000| Untracked 
|  66|0x0000000087800000, 0x0000000087800000, 0x0000000087900000|  0%| F|  |TAMS 0x0000000087800000, 0x0000000087800000| Untracked 
|  67|0x0000000087900000, 0x0000000087900000, 0x0000000087a00000|  0%| F|  |TAMS 0x0000000087900000, 0x0000000087900000| Untracked 
|  68|0x0000000087a00000, 0x0000000087a00000, 0x0000000087b00000|  0%| F|  |TAMS 0x0000000087a00000, 0x0000000087a00000| Untracked 
|  69|0x0000000087b00000, 0x0000000087b00000, 0x0000000087c00000|  0%| F|  |TAMS 0x0000000087b00000, 0x0000000087b00000| Untracked 
|  70|0x0000000087c00000, 0x0000000087c00000, 0x0000000087d00000|  0%| F|  |TAMS 0x0000000087c00000, 0x0000000087c00000| Untracked 
|  71|0x0000000087d00000, 0x0000000087d00000, 0x0000000087e00000|  0%| F|  |TAMS 0x0000000087d00000, 0x0000000087d00000| Untracked 
|  72|0x0000000087e00000, 0x0000000087e00000, 0x0000000087f00000|  0%| F|  |TAMS 0x0000000087e00000, 0x0000000087e00000| Untracked 
|  73|0x0000000087f00000, 0x0000000087f00000, 0x0000000088000000|  0%| F|  |TAMS 0x0000000087f00000, 0x0000000087f00000| Untracked 
|  74|0x0000000088000000, 0x0000000088000000, 0x0000000088100000|  0%| F|  |TAMS 0x0000000088000000, 0x0000000088000000| Untracked 
|  75|0x0000000088100000, 0x0000000088100000, 0x0000000088200000|  0%| F|  |TAMS 0x0000000088100000, 0x0000000088100000| Untracked 
|  76|0x0000000088200000, 0x00000000882d7550, 0x0000000088300000| 84%| S|CS|TAMS 0x0000000088200000, 0x0000000088200000| Complete 
|  77|0x0000000088300000, 0x0000000088400000, 0x0000000088400000|100%| S|CS|TAMS 0x0000000088300000, 0x0000000088300000| Complete 
|  78|0x0000000088400000, 0x0000000088500000, 0x0000000088500000|100%| S|CS|TAMS 0x0000000088400000, 0x0000000088400000| Complete 
|  79|0x0000000088500000, 0x0000000088600000, 0x0000000088600000|100%| S|CS|TAMS 0x0000000088500000, 0x0000000088500000| Complete 
|  80|0x0000000088600000, 0x0000000088700000, 0x0000000088700000|100%| S|CS|TAMS 0x0000000088600000, 0x0000000088600000| Complete 
|  81|0x0000000088700000, 0x0000000088800000, 0x0000000088800000|100%| S|CS|TAMS 0x0000000088700000, 0x0000000088700000| Complete 
|  82|0x0000000088800000, 0x0000000088800000, 0x0000000088900000|  0%| F|  |TAMS 0x0000000088800000, 0x0000000088800000| Untracked 
|  83|0x0000000088900000, 0x0000000088900000, 0x0000000088a00000|  0%| F|  |TAMS 0x0000000088900000, 0x0000000088900000| Untracked 
|  84|0x0000000088a00000, 0x0000000088a00000, 0x0000000088b00000|  0%| F|  |TAMS 0x0000000088a00000, 0x0000000088a00000| Untracked 
|  85|0x0000000088b00000, 0x0000000088b00000, 0x0000000088c00000|  0%| F|  |TAMS 0x0000000088b00000, 0x0000000088b00000| Untracked 
|  86|0x0000000088c00000, 0x0000000088c00000, 0x0000000088d00000|  0%| F|  |TAMS 0x0000000088c00000, 0x0000000088c00000| Untracked 
|  87|0x0000000088d00000, 0x0000000088d00000, 0x0000000088e00000|  0%| F|  |TAMS 0x0000000088d00000, 0x0000000088d00000| Untracked 
|  88|0x0000000088e00000, 0x0000000088e00000, 0x0000000088f00000|  0%| F|  |TAMS 0x0000000088e00000, 0x0000000088e00000| Untracked 
|  89|0x0000000088f00000, 0x0000000088f00000, 0x0000000089000000|  0%| F|  |TAMS 0x0000000088f00000, 0x0000000088f00000| Untracked 
|  90|0x0000000089000000, 0x0000000089000000, 0x0000000089100000|  0%| F|  |TAMS 0x0000000089000000, 0x0000000089000000| Untracked 
|  91|0x0000000089100000, 0x0000000089100000, 0x0000000089200000|  0%| F|  |TAMS 0x0000000089100000, 0x0000000089100000| Untracked 
|  92|0x0000000089200000, 0x0000000089200000, 0x0000000089300000|  0%| F|  |TAMS 0x0000000089200000, 0x0000000089200000| Untracked 
|  93|0x0000000089300000, 0x0000000089300000, 0x0000000089400000|  0%| F|  |TAMS 0x0000000089300000, 0x0000000089300000| Untracked 
|  94|0x0000000089400000, 0x0000000089400000, 0x0000000089500000|  0%| F|  |TAMS 0x0000000089400000, 0x0000000089400000| Untracked 
|  95|0x0000000089500000, 0x0000000089500000, 0x0000000089600000|  0%| F|  |TAMS 0x0000000089500000, 0x0000000089500000| Untracked 
|  96|0x0000000089600000, 0x0000000089600000, 0x0000000089700000|  0%| F|  |TAMS 0x0000000089600000, 0x0000000089600000| Untracked 
|  97|0x0000000089700000, 0x0000000089700000, 0x0000000089800000|  0%| F|  |TAMS 0x0000000089700000, 0x0000000089700000| Untracked 
|  98|0x0000000089800000, 0x0000000089800000, 0x0000000089900000|  0%| F|  |TAMS 0x0000000089800000, 0x0000000089800000| Untracked 
|  99|0x0000000089900000, 0x0000000089900000, 0x0000000089a00000|  0%| F|  |TAMS 0x0000000089900000, 0x0000000089900000| Untracked 
| 100|0x0000000089a00000, 0x0000000089a00000, 0x0000000089b00000|  0%| F|  |TAMS 0x0000000089a00000, 0x0000000089a00000| Untracked 
| 101|0x0000000089b00000, 0x0000000089b00000, 0x0000000089c00000|  0%| F|  |TAMS 0x0000000089b00000, 0x0000000089b00000| Untracked 
| 102|0x0000000089c00000, 0x0000000089c00000, 0x0000000089d00000|  0%| F|  |TAMS 0x0000000089c00000, 0x0000000089c00000| Untracked 
| 103|0x0000000089d00000, 0x0000000089d00000, 0x0000000089e00000|  0%| F|  |TAMS 0x0000000089d00000, 0x0000000089d00000| Untracked 
| 104|0x0000000089e00000, 0x0000000089e00000, 0x0000000089f00000|  0%| F|  |TAMS 0x0000000089e00000, 0x0000000089e00000| Untracked 
| 105|0x0000000089f00000, 0x0000000089f00000, 0x000000008a000000|  0%| F|  |TAMS 0x0000000089f00000, 0x0000000089f00000| Untracked 
| 106|0x000000008a000000, 0x000000008a000000, 0x000000008a100000|  0%| F|  |TAMS 0x000000008a000000, 0x000000008a000000| Untracked 
| 107|0x000000008a100000, 0x000000008a100000, 0x000000008a200000|  0%| F|  |TAMS 0x000000008a100000, 0x000000008a100000| Untracked 
| 108|0x000000008a200000, 0x000000008a200000, 0x000000008a300000|  0%| F|  |TAMS 0x000000008a200000, 0x000000008a200000| Untracked 
| 109|0x000000008a300000, 0x000000008a300000, 0x000000008a400000|  0%| F|  |TAMS 0x000000008a300000, 0x000000008a300000| Untracked 
| 110|0x000000008a400000, 0x000000008a400000, 0x000000008a500000|  0%| F|  |TAMS 0x000000008a400000, 0x000000008a400000| Untracked 
| 111|0x000000008a500000, 0x000000008a500000, 0x000000008a600000|  0%| F|  |TAMS 0x000000008a500000, 0x000000008a500000| Untracked 
| 112|0x000000008a600000, 0x000000008a600000, 0x000000008a700000|  0%| F|  |TAMS 0x000000008a600000, 0x000000008a600000| Untracked 
| 113|0x000000008a700000, 0x000000008a700000, 0x000000008a800000|  0%| F|  |TAMS 0x000000008a700000, 0x000000008a700000| Untracked 
| 114|0x000000008a800000, 0x000000008a800000, 0x000000008a900000|  0%| F|  |TAMS 0x000000008a800000, 0x000000008a800000| Untracked 
| 115|0x000000008a900000, 0x000000008a900000, 0x000000008aa00000|  0%| F|  |TAMS 0x000000008a900000, 0x000000008a900000| Untracked 
| 116|0x000000008aa00000, 0x000000008aa00000, 0x000000008ab00000|  0%| F|  |TAMS 0x000000008aa00000, 0x000000008aa00000| Untracked 
| 117|0x000000008ab00000, 0x000000008ab00000, 0x000000008ac00000|  0%| F|  |TAMS 0x000000008ab00000, 0x000000008ab00000| Untracked 
| 118|0x000000008ac00000, 0x000000008ac00000, 0x000000008ad00000|  0%| F|  |TAMS 0x000000008ac00000, 0x000000008ac00000| Untracked 
| 119|0x000000008ad00000, 0x000000008ad00000, 0x000000008ae00000|  0%| F|  |TAMS 0x000000008ad00000, 0x000000008ad00000| Untracked 
| 120|0x000000008ae00000, 0x000000008ae00000, 0x000000008af00000|  0%| F|  |TAMS 0x000000008ae00000, 0x000000008ae00000| Untracked 
| 121|0x000000008af00000, 0x000000008af00000, 0x000000008b000000|  0%| F|  |TAMS 0x000000008af00000, 0x000000008af00000| Untracked 
| 122|0x000000008b000000, 0x000000008b000000, 0x000000008b100000|  0%| F|  |TAMS 0x000000008b000000, 0x000000008b000000| Untracked 
| 123|0x000000008b100000, 0x000000008b100000, 0x000000008b200000|  0%| F|  |TAMS 0x000000008b100000, 0x000000008b100000| Untracked 
| 124|0x000000008b200000, 0x000000008b200000, 0x000000008b300000|  0%| F|  |TAMS 0x000000008b200000, 0x000000008b200000| Untracked 
| 125|0x000000008b300000, 0x000000008b300000, 0x000000008b400000|  0%| F|  |TAMS 0x000000008b300000, 0x000000008b300000| Untracked 

Card table byte_map: [0x000001e0bb730000,0x000001e0bbb20000] _byte_map_base: 0x000001e0bb315000

Marking Bits (Prev, Next): (CMBitMap*) 0x000001e0a27cbd78, (CMBitMap*) 0x000001e0a27cbdb0
 Prev Bits: [0x000001e0bbf10000, 0x000001e0bde38000)
 Next Bits: [0x000001e0bde40000, 0x000001e0bfd68000)

Polling page: 0x000001e0a1f50000

Metaspace:

Usage:
  Non-class:     49.22 MB capacity,    48.82 MB (>99%) used,   315.19 KB ( <1%) free+waste,    94.88 KB ( <1%) overhead. 
      Class:      6.63 MB capacity,     6.34 MB ( 96%) used,   255.15 KB (  4%) free+waste,    43.06 KB ( <1%) overhead. 
       Both:     55.85 MB capacity,    55.16 MB ( 99%) used,   570.34 KB ( <1%) free+waste,   137.94 KB ( <1%) overhead. 

Virtual space:
  Non-class space:       58.00 MB reserved,      49.25 MB ( 85%) committed 
      Class space:        1.00 GB reserved,       6.75 MB ( <1%) committed 
             Both:        1.06 GB reserved,      56.00 MB (  5%) committed 

Chunk freelists:
   Non-Class:  27.00 KB
       Class:  0 bytes
        Both:  27.00 KB

MaxMetaspaceSize: 17179869184.00 GB
CompressedClassSpaceSize: 1.00 GB
Initial GC threshold: 20.80 MB
Current GC threshold: 59.07 MB
CDS: off

CodeHeap 'non-profiled nmethods': size=120064Kb used=3386Kb max_used=3386Kb free=116677Kb
 bounds [0x000001e0b3e00000, 0x000001e0b4150000, 0x000001e0bb340000]
CodeHeap 'profiled nmethods': size=120000Kb used=13700Kb max_used=13700Kb free=106299Kb
 bounds [0x000001e0ac8d0000, 0x000001e0ad640000, 0x000001e0b3e00000]
CodeHeap 'non-nmethods': size=5696Kb used=1299Kb max_used=1344Kb free=4396Kb
 bounds [0x000001e0ac340000, 0x000001e0ac5b0000, 0x000001e0ac8d0000]
 total_blobs=6312 nmethods=5736 adapters=485
 compilation: enabled
              stopped_count=0, restarted_count=0
 full_count=0

Compilation events (20 events):
Event: 60.019 Thread 0x000001e0c229a000 5700       1       java.lang.ThreadLocal::initialValue (2 bytes)
Event: 60.019 Thread 0x000001e0c229a000 nmethod 5700 0x000001e0b4148410 code [0x000001e0b41485c0, 0x000001e0b4148678]
Event: 60.020 Thread 0x000001e0c229a000 5702       3       org.jetbrains.kotlin.parsing.AbstractKotlinParsing$AtSet::<init> (8 bytes)
Event: 60.020 Thread 0x000001e0c6da2800 nmethod 5697 0x000001e0b4148710 code [0x000001e0b41488a0, 0x000001e0b4148bd8]
Event: 60.020 Thread 0x000001e0c6da2800 5701       4       org.jetbrains.kotlin.parsing.KotlinExpressionParsing::parseBinaryExpression (70 bytes)
Event: 60.020 Thread 0x000001e0c229a000 nmethod 5702 0x000001e0ad5cee10 code [0x000001e0ad5cefe0, 0x000001e0ad5cf318]
Event: 60.020 Thread 0x000001e0c229a000 5703       3       org.jetbrains.kotlin.parsing.AbstractKotlinParsing$AtSet::<init> (20 bytes)
Event: 60.020 Thread 0x000001e0c229a000 nmethod 5703 0x000001e0ad5cf490 code [0x000001e0ad5cf660, 0x000001e0ad5cf938]
Event: 60.020 Thread 0x000001e0c229a000 5704       3       org.jetbrains.kotlin.parsing.AbstractTokenStreamPattern::<init> (10 bytes)
Event: 60.021 Thread 0x000001e0c229a000 nmethod 5704 0x000001e0ad5cfa10 code [0x000001e0ad5cfbc0, 0x000001e0ad5cfd18]
Event: 60.021 Thread 0x000001e0c229a000 5705       3       org.jetbrains.kotlin.parsing.AbstractKotlinParsing::<init> (10 bytes)
Event: 60.021 Thread 0x000001e0c229a000 nmethod 5705 0x000001e0ad5cfe10 code [0x000001e0ad5cffc0, 0x000001e0ad5d0178]
Event: 60.021 Thread 0x000001e0c229a000 5706       3       org.jetbrains.kotlin.com.intellij.lang.impl.PsiBuilderImpl::bind (300 bytes)
Event: 60.022 Thread 0x000001e0c229a000 nmethod 5706 0x000001e0ad5d0210 code [0x000001e0ad5d0500, 0x000001e0ad5d18d8]
Event: 60.022 Thread 0x000001e0c229a000 5707       3       org.jetbrains.kotlin.com.intellij.lang.impl.PsiBuilderImpl::prepareLightTree (600 bytes)
Event: 60.027 Thread 0x000001e0c229a000 nmethod 5707 0x000001e0ad5d1e90 code [0x000001e0ad5d2800, 0x000001e0ad5d87f8]
Event: 60.027 Thread 0x000001e0c229a000 5708       3       java.util.AbstractList$SubList$1::previous (25 bytes)
Event: 60.028 Thread 0x000001e0c229a000 nmethod 5708 0x000001e0ad5da510 code [0x000001e0ad5da720, 0x000001e0ad5dabe8]
Event: 60.028 Thread 0x000001e0c229a000 5709   !   3       java.util.AbstractList$ListItr::previous (45 bytes)
Event: 60.028 Thread 0x000001e0c229a000 nmethod 5709 0x000001e0ad5dad90 code [0x000001e0ad5dafa0, 0x000001e0ad5db578]

GC Heap History (12 events):
Event: 2.153 GC heap before
{Heap before GC invocations=0 (full 0):
 garbage-first heap   total 129024K, used 18432K [0x0000000083600000, 0x0000000100000000)
  region size 1024K, 14 young (14336K), 0 survivors (0K)
 Metaspace       used 9490K, capacity 9579K, committed 9856K, reserved 1058816K
  class space    used 778K, capacity 788K, committed 896K, reserved 1048576K
}
Event: 2.568 GC heap after
{Heap after GC invocations=1 (full 0):
 garbage-first heap   total 129024K, used 6418K [0x0000000083600000, 0x0000000100000000)
  region size 1024K, 2 young (2048K), 2 survivors (2048K)
 Metaspace       used 9490K, capacity 9579K, committed 9856K, reserved 1058816K
  class space    used 778K, capacity 788K, committed 896K, reserved 1048576K
}
Event: 12.958 GC heap before
{Heap before GC invocations=1 (full 0):
 garbage-first heap   total 129024K, used 56594K [0x0000000083600000, 0x0000000100000000)
  region size 1024K, 52 young (53248K), 2 survivors (2048K)
 Metaspace       used 21060K, capacity 21245K, committed 21248K, reserved 1069056K
  class space    used 2216K, capacity 2302K, committed 2304K, reserved 1048576K
}
Event: 12.972 GC heap after
{Heap after GC invocations=2 (full 0):
 garbage-first heap   total 129024K, used 10522K [0x0000000083600000, 0x0000000100000000)
  region size 1024K, 7 young (7168K), 7 survivors (7168K)
 Metaspace       used 21060K, capacity 21245K, committed 21248K, reserved 1069056K
  class space    used 2216K, capacity 2302K, committed 2304K, reserved 1048576K
}
Event: 25.101 GC heap before
{Heap before GC invocations=3 (full 0):
 garbage-first heap   total 129024K, used 69914K [0x0000000083600000, 0x0000000100000000)
  region size 1024K, 59 young (60416K), 7 survivors (7168K)
 Metaspace       used 32838K, capacity 33317K, committed 33408K, reserved 1079296K
  class space    used 4014K, capacity 4209K, committed 4224K, reserved 1048576K
}
Event: 25.120 GC heap after
{Heap after GC invocations=4 (full 0):
 garbage-first heap   total 129024K, used 23605K [0x0000000083600000, 0x0000000100000000)
  region size 1024K, 7 young (7168K), 7 survivors (7168K)
 Metaspace       used 32838K, capacity 33317K, committed 33408K, reserved 1079296K
  class space    used 4014K, capacity 4209K, committed 4224K, reserved 1048576K
}
Event: 25.893 GC heap before
{Heap before GC invocations=4 (full 0):
 garbage-first heap   total 129024K, used 32821K [0x0000000083600000, 0x0000000100000000)
  region size 1024K, 17 young (17408K), 7 survivors (7168K)
 Metaspace       used 35330K, capacity 35717K, committed 35840K, reserved 1081344K
  class space    used 4261K, capacity 4433K, committed 4480K, reserved 1048576K
}
Event: 25.909 GC heap after
{Heap after GC invocations=5 (full 0):
 garbage-first heap   total 129024K, used 25649K [0x0000000083600000, 0x0000000100000000)
  region size 1024K, 2 young (2048K), 2 survivors (2048K)
 Metaspace       used 35330K, capacity 35717K, committed 35840K, reserved 1081344K
  class space    used 4261K, capacity 4433K, committed 4480K, reserved 1048576K
}
Event: 33.358 GC heap before
{Heap before GC invocations=6 (full 0):
 garbage-first heap   total 129024K, used 70705K [0x0000000083600000, 0x0000000100000000)
  region size 1024K, 46 young (47104K), 2 survivors (2048K)
 Metaspace       used 44385K, capacity 44879K, committed 45056K, reserved 1089536K
  class space    used 5141K, capacity 5350K, committed 5376K, reserved 1048576K
}
Event: 33.366 GC heap after
{Heap after GC invocations=7 (full 0):
 garbage-first heap   total 129024K, used 27634K [0x0000000083600000, 0x0000000100000000)
  region size 1024K, 6 young (6144K), 6 survivors (6144K)
 Metaspace       used 44385K, capacity 44879K, committed 45056K, reserved 1089536K
  class space    used 5141K, capacity 5350K, committed 5376K, reserved 1048576K
}
Event: 46.087 GC heap before
{Heap before GC invocations=7 (full 0):
 garbage-first heap   total 129024K, used 77810K [0x0000000083600000, 0x0000000100000000)
  region size 1024K, 53 young (54272K), 6 survivors (6144K)
 Metaspace       used 53103K, capacity 53741K, committed 54016K, reserved 1097728K
  class space    used 6088K, capacity 6351K, committed 6400K, reserved 1048576K
}
Event: 46.106 GC heap after
{Heap after GC invocations=8 (full 0):
 garbage-first heap   total 129024K, used 37888K [0x0000000083600000, 0x0000000100000000)
  region size 1024K, 7 young (7168K), 7 survivors (7168K)
 Metaspace       used 53103K, capacity 53741K, committed 54016K, reserved 1097728K
  class space    used 6088K, capacity 6351K, committed 6400K, reserved 1048576K
}

Deoptimization events (20 events):
Event: 59.754 Thread 0x000001e0a278b800 DEOPT PACKING pc=0x000001e0b409d4f8 sp=0x00000007799fa870
Event: 59.754 Thread 0x000001e0a278b800 DEOPT UNPACKING pc=0x000001e0ac3485af sp=0x00000007799fa848 mode 2
Event: 59.754 Thread 0x000001e0a278b800 Uncommon trap: trap_request=0xffffffc6 fr.pc=0x000001e0b409d4f8 relative=0x00000000000045f8
Event: 59.754 Thread 0x000001e0a278b800 Uncommon trap: reason=bimorphic_or_optimized_type_check action=maybe_recompile pc=0x000001e0b409d4f8 method=org.jetbrains.kotlin.parsing.KotlinExpressionParsing.parseBinaryExpression(Lorg/jetbrains/kotlin/parsing/KotlinExpressionParsing$Precedence;)V @ 40
Event: 59.754 Thread 0x000001e0a278b800 DEOPT PACKING pc=0x000001e0b409d4f8 sp=0x00000007799f99e0
Event: 59.754 Thread 0x000001e0a278b800 DEOPT UNPACKING pc=0x000001e0ac3485af sp=0x00000007799f99b8 mode 2
Event: 59.761 Thread 0x000001e0a278b800 Uncommon trap: trap_request=0xffffffc6 fr.pc=0x000001e0b409d4f8 relative=0x00000000000045f8
Event: 59.761 Thread 0x000001e0a278b800 Uncommon trap: reason=bimorphic_or_optimized_type_check action=maybe_recompile pc=0x000001e0b409d4f8 method=org.jetbrains.kotlin.parsing.KotlinExpressionParsing.parseBinaryExpression(Lorg/jetbrains/kotlin/parsing/KotlinExpressionParsing$Precedence;)V @ 40
Event: 59.761 Thread 0x000001e0a278b800 DEOPT PACKING pc=0x000001e0b409d4f8 sp=0x00000007799fba10
Event: 59.762 Thread 0x000001e0a278b800 DEOPT UNPACKING pc=0x000001e0ac3485af sp=0x00000007799fb9e8 mode 2
Event: 59.870 Thread 0x000001e0a278b800 Uncommon trap: trap_request=0xffffff76 fr.pc=0x000001e0b4133bfc relative=0x0000000000000f1c
Event: 59.870 Thread 0x000001e0a278b800 Uncommon trap: reason=loop_limit_check action=maybe_recompile pc=0x000001e0b4133bfc method=org.jetbrains.kotlin.com.intellij.lang.impl.MarkerProduction.rollbackTo(Lorg/jetbrains/kotlin/com/intellij/lang/impl/PsiBuilderImpl$ProductionMarker;)V @ 15 c2
Event: 59.870 Thread 0x000001e0a278b800 DEOPT PACKING pc=0x000001e0b4133bfc sp=0x00000007799fc950
Event: 59.870 Thread 0x000001e0a278b800 DEOPT UNPACKING pc=0x000001e0ac3485af sp=0x00000007799fc920 mode 2
Event: 59.987 Thread 0x000001e0a278b800 DEOPT PACKING pc=0x000001e0ad2cff5b sp=0x00000007799fba30
Event: 59.987 Thread 0x000001e0a278b800 DEOPT UNPACKING pc=0x000001e0ac389d0e sp=0x00000007799faed0 mode 0
Event: 60.013 Thread 0x000001e0a278b800 Uncommon trap: trap_request=0xffffff4d fr.pc=0x000001e0b41464f4 relative=0x0000000000000994
Event: 60.013 Thread 0x000001e0a278b800 Uncommon trap: reason=unstable_if action=reinterpret pc=0x000001e0b41464f4 method=org.jetbrains.org.objectweb.asm.ClassReader.<init>([BIZ)V @ 28 c2
Event: 60.013 Thread 0x000001e0a278b800 DEOPT PACKING pc=0x000001e0b41464f4 sp=0x00000007799fbc10
Event: 60.013 Thread 0x000001e0a278b800 DEOPT UNPACKING pc=0x000001e0ac3485af sp=0x00000007799fbb90 mode 2

Classes redefined (0 events):
No events

Internal exceptions (20 events):
Event: 15.174 Thread 0x000001e0a278b800 Exception <a 'java/lang/NoSuchMethodError'{0x000000008a697588}: 'java.lang.Object java.lang.invoke.DelegatingMethodHandle$Holder.reinvoke_L(java.lang.Object, int, int, java.lang.Object, java.lang.Object, java.lang.Object)'> (0x000000008a697588) thrown at [s\src\hotspot\share\interpreter\linkResolver.cpp, line 773]
Event: 15.175 Thread 0x000001e0a278b800 Exception <a 'java/lang/NoSuchMethodError'{0x000000008a69b910}: 'java.lang.Object java.lang.invoke.DirectMethodHandle$Holder.invokeStatic(java.lang.Object, java.lang.Object, java.lang.Object, java.lang.Object, int)'> (0x000000008a69b910) thrown at [s\src\hotspot\share\interpreter\linkResolver.cpp, line 773]
Event: 15.458 Thread 0x000001e0a278b800 Exception <a 'java/lang/NoSuchMethodError'{0x000000008a5c18f8}: 'void java.lang.invoke.DirectMethodHandle$Holder.invokeStatic(java.lang.Object, java.lang.Object, java.lang.Object, java.lang.Object)'> (0x000000008a5c18f8) thrown at [s\src\hotspot\share\interpreter\linkResolver.cpp, line 773]
Event: 16.378 Thread 0x000001e0a278b800 Exception <a 'java/lang/NoSuchMethodError'{0x000000008a1ab658}: 'void java.lang.invoke.DirectMethodHandle$Holder.invokeStaticInit(java.lang.Object, java.lang.Object)'> (0x000000008a1ab658) thrown at [s\src\hotspot\share\interpreter\linkResolver.cpp, line 773]
Event: 18.503 Thread 0x000001e0a278b800 Exception <a 'java/lang/NoSuchMethodError'{0x0000000089c12488}: 'void java.lang.invoke.DirectMethodHandle$Holder.invokeVirtual(java.lang.Object, java.lang.Object)'> (0x0000000089c12488) thrown at [s\src\hotspot\share\interpreter\linkResolver.cpp, line 773]
Event: 18.572 Thread 0x000001e0a278b800 Exception <a 'java/lang/NoSuchMethodError'{0x0000000089ca8248}: 'int java.lang.invoke.DirectMethodHandle$Holder.invokeVirtual(java.lang.Object, java.lang.Object)'> (0x0000000089ca8248) thrown at [s\src\hotspot\share\interpreter\linkResolver.cpp, line 773]
Event: 26.171 Thread 0x000001e0a278b800 Exception <a 'java/lang/NoSuchMethodError'{0x000000008b051690}: 'java.lang.Object java.lang.invoke.DirectMethodHandle$Holder.invokeVirtual(java.lang.Object, java.lang.Object, java.lang.Object)'> (0x000000008b051690) thrown at [s\src\hotspot\share\interpreter\linkResolver.cpp, line 773]
Event: 33.248 Thread 0x000001e0a278b800 Exception <a 'java/lang/NoSuchMethodError'{0x0000000088672918}: 'java.lang.Object java.lang.invoke.Invokers$Holder.linkToTargetMethod(java.lang.Object, int, java.lang.Object)'> (0x0000000088672918) thrown at [s\src\hotspot\share\interpreter\linkResolver.cpp, line 773]
Event: 33.645 Thread 0x000001e0a278b800 Implicit null exception at 0x000001e0b3f6c170 to 0x000001e0b3f6c230
Event: 36.110 Thread 0x000001e0a278b800 Implicit null exception at 0x000001e0b3f6b3cc to 0x000001e0b3f6b4a8
Event: 36.773 Thread 0x000001e0a278b800 Exception <a 'java/lang/NoSuchMethodError'{0x000000008a958480}: 'java.lang.Object java.lang.invoke.DirectMethodHandle$Holder.invokeStatic(java.lang.Object, java.lang.Object, java.lang.Object, int)'> (0x000000008a958480) thrown at [s\src\hotspot\share\interpreter\linkResolver.cpp, line 773]
Event: 36.774 Thread 0x000001e0a278b800 Exception <a 'java/lang/NoSuchMethodError'{0x000000008a95c0f0}: 'java.lang.Object java.lang.invoke.DirectMethodHandle$Holder.invokeSpecial(java.lang.Object, java.lang.Object, java.lang.Object, java.lang.Object, int)'> (0x000000008a95c0f0) thrown at [s\src\hotspot\share\interpreter\linkResolver.cpp, line 773]
Event: 36.775 Thread 0x000001e0a278b800 Exception <a 'java/lang/NoSuchMethodError'{0x000000008a95f400}: 'java.lang.Object java.lang.invoke.Invokers$Holder.linkToTargetMethod(java.lang.Object, java.lang.Object, int, java.lang.Object)'> (0x000000008a95f400) thrown at [s\src\hotspot\share\interpreter\linkResolver.cpp, line 773]
Event: 44.385 Thread 0x000001e0a278b800 Implicit null exception at 0x000001e0b3f9b807 to 0x000001e0b3fa0f08
Event: 45.230 Thread 0x000001e0a278b800 Exception <a 'java/lang/NoSuchMethodError'{0x000000008863d9a8}: 'java.lang.Object java.lang.invoke.DirectMethodHandle$Holder.invokeSpecial(java.lang.Object, java.lang.Object, java.lang.Object, java.lang.Object, java.lang.Object, int)'> (0x000000008863d9a8) thrown at [s\src\hotspot\share\interpreter\linkResolver.cpp, line 773]
Event: 45.230 Thread 0x000001e0a278b800 Exception <a 'java/lang/NoSuchMethodError'{0x00000000886417f0}: 'java.lang.Object java.lang.invoke.Invokers$Holder.linkToTargetMethod(java.lang.Object, java.lang.Object, java.lang.Object, int, java.lang.Object)'> (0x00000000886417f0) thrown at [s\src\hotspot\share\interpreter\linkResolver.cpp, line 773]
Event: 47.144 Thread 0x000001e0a278b800 Exception <a 'java/lang/NoSuchMethodError'{0x000000008af69210}: 'int java.lang.invoke.DirectMethodHandle$Holder.invokeVirtual(java.lang.Object, java.lang.Object, java.lang.Object)'> (0x000000008af69210) thrown at [s\src\hotspot\share\interpreter\linkResolver.cpp, line 773]
Event: 47.208 Thread 0x000001e0a278b800 Exception <a 'java/lang/NoSuchMethodError'{0x000000008af93f40}: 'java.lang.Object java.lang.invoke.DirectMethodHandle$Holder.invokeStaticInit(java.lang.Object, java.lang.Object, java.lang.Object)'> (0x000000008af93f40) thrown at [s\src\hotspot\share\interpreter\linkResolver.cpp, line 773]
Event: 47.736 Thread 0x000001e0a278b800 Exception <a 'java/lang/NoSuchMethodError'{0x000000008aaff4d8}: 'java.lang.Object java.lang.invoke.DirectMethodHandle$Holder.invokeSpecial(java.lang.Object, java.lang.Object, java.lang.Object, java.lang.Object, java.lang.Object, java.lang.Object, java.lang.Object, java.lang.Object, java.lang.Object)'> (0x000000008aaff4d8) thrown at [s\src\hotspot\share\interpreter\linkResolver.cpp, line 773]
Event: 47.747 Thread 0x000001e0a278b800 Exception <a 'java/lang/NoSuchMethodError'{0x000000008a903b70}: 'java.lang.Object java.lang.invoke.Invokers$Holder.linkToTargetMethod(java.lang.Object, java.lang.Object, java.lang.Object, java.lang.Object, java.lang.Object, java.lang.Object, java.lang.Object, java.lang.Object)'> (0x000000008a903b70) thrown at [s\src\hotspot\share\interpreter\linkResolver.cpp, line 773]

Events (20 events):
Event: 57.686 loading class org/jetbrains/kotlin/resolve/scopes/receivers/AbstractReceiverValue done
Event: 57.725 loading class org/jetbrains/kotlin/descriptors/impl/FunctionDescriptorImpl$1
Event: 57.725 loading class org/jetbrains/kotlin/descriptors/impl/FunctionDescriptorImpl$1 done
Event: 58.910 loading class org/jetbrains/kotlin/metadata/ProtoBuf$1
Event: 58.910 loading class org/jetbrains/kotlin/metadata/ProtoBuf$1 done
Event: 59.159 Thread 0x000001e0c7335000 Thread added: 0x000001e0c7335000
Event: 59.413 loading class org/jetbrains/kotlin/resolve/jvm/diagnostics/ErrorsJvm
Event: 59.413 loading class org/jetbrains/kotlin/resolve/jvm/diagnostics/ErrorsJvm done
Event: 59.416 loading class org/jetbrains/kotlin/resolve/jvm/diagnostics/ErrorsJvm$1
Event: 59.416 loading class org/jetbrains/kotlin/resolve/jvm/diagnostics/ErrorsJvm$1 done
Event: 59.528 loading class org/jetbrains/kotlin/load/java/structure/JavaTypesKt
Event: 59.528 loading class org/jetbrains/kotlin/load/java/structure/JavaTypesKt done
Event: 59.538 loading class org/jetbrains/kotlin/types/checker/ClassicTypeSystemContext$substitutionSupertypePolicy$2
Event: 59.538 loading class org/jetbrains/kotlin/types/checker/ClassicTypeSystemContext$substitutionSupertypePolicy$2 done
Event: 59.538 loading class org/jetbrains/kotlin/types/TypeCheckerState$SupertypesPolicy$DoCustomTransform
Event: 59.538 loading class org/jetbrains/kotlin/types/TypeCheckerState$SupertypesPolicy$DoCustomTransform done
Event: 59.740 Thread 0x000001e0c7335000 Thread exited: 0x000001e0c7335000
Event: 59.756 Thread 0x000001e0c6da2800 Thread added: 0x000001e0c6da2800
Event: 60.024 loading class org/jetbrains/kotlin/resolve/scopes/receivers/ClassValueReceiver
Event: 60.024 loading class org/jetbrains/kotlin/resolve/scopes/receivers/ClassValueReceiver done


Dynamic libraries:
0x00007ff6d78f0000 - 0x00007ff6d78fe000 	C:\Program Files\OpenLogic\jdk-11.0.25.9-hotspot\bin\java.exe
0x00007ff8c21d0000 - 0x00007ff8c23e7000 	C:\WINDOWS\SYSTEM32\ntdll.dll
0x00007ff8c0b90000 - 0x00007ff8c0c54000 	C:\WINDOWS\System32\KERNEL32.DLL
0x00007ff8bf8b0000 - 0x00007ff8bfc6a000 	C:\WINDOWS\System32\KERNELBASE.dll
0x00007ff8bf5c0000 - 0x00007ff8bf6d1000 	C:\WINDOWS\System32\ucrtbase.dll
0x00007ff89d1f0000 - 0x00007ff89d20b000 	C:\Program Files\OpenLogic\jdk-11.0.25.9-hotspot\bin\VCRUNTIME140.dll
0x00007ff8a66f0000 - 0x00007ff8a6707000 	C:\Program Files\OpenLogic\jdk-11.0.25.9-hotspot\bin\jli.dll
0x00007ff8c0c60000 - 0x00007ff8c0e0e000 	C:\WINDOWS\System32\USER32.dll
0x00007ff8bf6e0000 - 0x00007ff8bf706000 	C:\WINDOWS\System32\win32u.dll
0x00007ff8c1940000 - 0x00007ff8c1969000 	C:\WINDOWS\System32\GDI32.dll
0x00007ff8bf4a0000 - 0x00007ff8bf5bb000 	C:\WINDOWS\System32\gdi32full.dll
0x00007ff8bfcf0000 - 0x00007ff8bfd8a000 	C:\WINDOWS\System32\msvcp_win.dll
0x00007ff8a2000000 - 0x00007ff8a2292000 	C:\WINDOWS\WinSxS\amd64_microsoft.windows.common-controls_6595b64144ccf1df_6.0.22621.4541_none_2710d1c57384c085\COMCTL32.dll
0x00007ff8c15e0000 - 0x00007ff8c1687000 	C:\WINDOWS\System32\msvcrt.dll
0x00007ff8c1ac0000 - 0x00007ff8c1af1000 	C:\WINDOWS\System32\IMM32.DLL
0x00007ff8ae7e0000 - 0x00007ff8ae7ec000 	C:\Program Files\OpenLogic\jdk-11.0.25.9-hotspot\bin\vcruntime140_1.dll
0x00007ff87f780000 - 0x00007ff87f80d000 	C:\Program Files\OpenLogic\jdk-11.0.25.9-hotspot\bin\msvcp140.dll
0x00007ff865bc0000 - 0x00007ff86670f000 	C:\Program Files\OpenLogic\jdk-11.0.25.9-hotspot\bin\server\jvm.dll
0x00007ff8c1b00000 - 0x00007ff8c1bb2000 	C:\WINDOWS\System32\ADVAPI32.dll
0x00007ff8c19f0000 - 0x00007ff8c1a97000 	C:\WINDOWS\System32\sechost.dll
0x00007ff8bf880000 - 0x00007ff8bf8a8000 	C:\WINDOWS\System32\bcrypt.dll
0x00007ff8c17a0000 - 0x00007ff8c18b4000 	C:\WINDOWS\System32\RPCRT4.dll
0x00007ff8c1970000 - 0x00007ff8c19e1000 	C:\WINDOWS\System32\WS2_32.dll
0x00007ff8c1790000 - 0x00007ff8c1798000 	C:\WINDOWS\System32\PSAPI.DLL
0x00007ff8b8bf0000 - 0x00007ff8b8c24000 	C:\WINDOWS\SYSTEM32\WINMM.dll
0x00007ff8aedb0000 - 0x00007ff8aedba000 	C:\WINDOWS\SYSTEM32\VERSION.dll
0x00007ff8be3b0000 - 0x00007ff8be3c8000 	C:\WINDOWS\SYSTEM32\kernel.appcore.dll
0x00007ff8a7c40000 - 0x00007ff8a7c50000 	C:\Program Files\OpenLogic\jdk-11.0.25.9-hotspot\bin\verify.dll
0x00007ff8bca90000 - 0x00007ff8bccc2000 	C:\WINDOWS\SYSTEM32\DBGHELP.DLL
0x00007ff8c0800000 - 0x00007ff8c0b8f000 	C:\WINDOWS\System32\combase.dll
0x00007ff8c0ea0000 - 0x00007ff8c0f77000 	C:\WINDOWS\System32\OLEAUT32.dll
0x00007ff8aef70000 - 0x00007ff8aefa2000 	C:\WINDOWS\SYSTEM32\dbgcore.DLL
0x00007ff8bfc70000 - 0x00007ff8bfceb000 	C:\WINDOWS\System32\bcryptPrimitives.dll
0x00007ff891bd0000 - 0x00007ff891bf8000 	C:\Program Files\OpenLogic\jdk-11.0.25.9-hotspot\bin\java.dll
0x00007ff8a73f0000 - 0x00007ff8a73fa000 	C:\Program Files\OpenLogic\jdk-11.0.25.9-hotspot\bin\jimage.dll
0x00007ff89b510000 - 0x00007ff89b528000 	C:\Program Files\OpenLogic\jdk-11.0.25.9-hotspot\bin\zip.dll
0x00007ff8bff80000 - 0x00007ff8c07f8000 	C:\WINDOWS\System32\SHELL32.dll
0x00007ff8bd1f0000 - 0x00007ff8bdaf8000 	C:\WINDOWS\SYSTEM32\windows.storage.dll
0x00007ff8bd0b0000 - 0x00007ff8bd1ef000 	C:\WINDOWS\SYSTEM32\wintypes.dll
0x00007ff8c1690000 - 0x00007ff8c178a000 	C:\WINDOWS\System32\SHCORE.dll
0x00007ff8c1480000 - 0x00007ff8c14de000 	C:\WINDOWS\System32\shlwapi.dll
0x00007ff8bf3d0000 - 0x00007ff8bf3fb000 	C:\WINDOWS\SYSTEM32\profapi.dll
0x00007ff89ae50000 - 0x00007ff89ae69000 	C:\Program Files\OpenLogic\jdk-11.0.25.9-hotspot\bin\net.dll
0x00007ff8be3d0000 - 0x00007ff8be506000 	C:\WINDOWS\SYSTEM32\WINHTTP.dll
0x00007ff8be960000 - 0x00007ff8be9c9000 	C:\WINDOWS\system32\mswsock.dll
0x00007ff894590000 - 0x00007ff8945a2000 	C:\Program Files\OpenLogic\jdk-11.0.25.9-hotspot\bin\nio.dll

dbghelp: loaded successfully - version: 4.0.5 - missing functions: none
symbol engine: initialized successfully - sym options: 0x614 - pdb path: .;C:\Program Files\OpenLogic\jdk-11.0.25.9-hotspot\bin;C:\WINDOWS\SYSTEM32;C:\WINDOWS\WinSxS\amd64_microsoft.windows.common-controls_6595b64144ccf1df_6.0.22621.4541_none_2710d1c57384c085;C:\Program Files\OpenLogic\jdk-11.0.25.9-hotspot\bin\server

VM Arguments:
java_command: org.jetbrains.kotlin.cli.jvm.K2JVMCompiler @C:\Users\thuralynnhtun\react-native\eCommerceApp\node_modules\react-native-screens\android\build\20250102_14784342320079797549.compiler.options
java_class_path (initial): C:\Users\thuralynnhtun\.gradle\caches\modules-2\files-2.1\org.jetbrains.kotlin\kotlin-compiler-embeddable\1.8.0\eb9118d4bcceaa2a94b2ae2a33a4ddba7c9a947f\kotlin-compiler-embeddable-1.8.0.jar;C:\Users\thuralynnhtun\.gradle\caches\modules-2\files-2.1\org.jetbrains.kotlin\kotlin-stdlib\1.8.0\1796921c7a3e2e2665a83e6c8d33399336cd39bc\kotlin-stdlib-1.8.0.jar;C:\Users\thuralynnhtun\.gradle\caches\modules-2\files-2.1\org.jetbrains.kotlin\kotlin-script-runtime\1.8.0\b2f7e760d283cb339974851c222a4c1d48f2d3d\kotlin-script-runtime-1.8.0.jar;C:\Users\thuralynnhtun\.gradle\caches\modules-2\files-2.1\org.jetbrains.kotlin\kotlin-reflect\1.6.10\1cbe9c92c12a94eea200d23c2bbaedaf3daf5132\kotlin-reflect-1.6.10.jar;C:\Users\thuralynnhtun\.gradle\caches\modules-2\files-2.1\org.jetbrains.kotlin\kotlin-daemon-embeddable\1.8.0\d255216c551685dc3a7e852b53617f5f01aaaa5c\kotlin-daemon-embeddable-1.8.0.jar;C:\Users\thuralynnhtun\.gradle\caches\modules-2\files-2.1\org.jetbrains.intellij.deps\trove4j\1.0.20200330\3afb14d5f9ceb459d724e907a21145e8ff394f02\trove4j-1.0.20200330.jar;C:\Users\thuralynnhtun\.gradle\caches\modules-2\files-2.1\net.java.dev.jna\jna\5.6.0\330f2244e9030119ab3030fc3fededc86713d9cc\jna-5.6.0.jar;C:\Users\thuralynnhtun\.gradle\caches\modules-2\files-2.1\org.jetbrains.kotlin\kotlin-stdlib-common\1.8.0\f7197e7cc76453ac59f8b0f8d5137cc600becd36\kotlin-stdlib-common-1.8.0.jar;C:\Users\thuralynnhtun\.gradle\caches\modules-2\files-2.1\org.jetbrains\annotations\13.0\919f0dfe192fb4e063e7dacadee7f8bb9a2672a9\annotations-13.0.jar
Launcher Type: SUN_STANDARD

[Global flags]
     intx CICompilerCount                          = 3                                         {product} {ergonomic}
     uint ConcGCThreads                            = 1                                         {product} {ergonomic}
     uint G1ConcRefinementThreads                  = 4                                         {product} {ergonomic}
   size_t G1HeapRegionSize                         = 1048576                                   {product} {ergonomic}
    uintx GCDrainStackTargetSize                   = 64                                        {product} {ergonomic}
   size_t InitialHeapSize                          = 132120576                                 {product} {ergonomic}
   size_t MarkStackSize                            = 4194304                                   {product} {ergonomic}
   size_t MaxHeapSize                              = 2090860544                                {product} {ergonomic}
   size_t MaxNewSize                               = 1254096896                                {product} {ergonomic}
   size_t MinHeapDeltaBytes                        = 1048576                                   {product} {ergonomic}
    uintx NonNMethodCodeHeapSize                   = 5830732                                {pd product} {ergonomic}
    uintx NonProfiledCodeHeapSize                  = 122913754                              {pd product} {ergonomic}
    uintx ProfiledCodeHeapSize                     = 122913754                              {pd product} {ergonomic}
    uintx ReservedCodeCacheSize                    = 251658240                              {pd product} {ergonomic}
     bool SegmentedCodeCache                       = true                                      {product} {ergonomic}
     bool UseCompressedClassPointers               = true                                 {lp64_product} {ergonomic}
     bool UseCompressedOops                        = true                                 {lp64_product} {ergonomic}
     bool UseG1GC                                  = true                                      {product} {ergonomic}
     bool UseLargePagesIndividualAllocation        = false                                  {pd product} {ergonomic}

Logging:
Log output configuration:
 #0: stdout all=warning uptime,level,tags
 #1: stderr all=off uptime,level,tags

Environment Variables:
JAVA_HOME=C:\Program Files\OpenLogic\jdk-11.0.25.9-hotspot\
CLASSPATH=C:\Users\thuralynnhtun\react-native\eCommerceApp\android\\gradle\wrapper\gradle-wrapper.jar
PATH=C:\Users\thuralynnhtun\react-native\eCommerceApp\android\node_modules\.bin;C:\Users\thuralynnhtun\react-native\eCommerceApp\node_modules\.bin;C:\Users\thuralynnhtun\react-native\node_modules\.bin;C:\Users\thuralynnhtun\node_modules\.bin;C:\Users\node_modules\.bin;C:\node_modules\.bin;C:\Program Files\nodejs;C:\Users\thuralynnhtun\react-native\eCommerceApp\node_modules\.bin;C:\Users\thuralynnhtun\react-native\eCommerceApp\node_modules\.bin;C:\Users\thuralynnhtun\react-native\node_modules\.bin;C:\Users\thuralynnhtun\node_modules\.bin;C:\Users\node_modules\.bin;C:\node_modules\.bin;C:\Users\uabsys01\AppData\Roaming\nvm\v18.20.4\node_modules\npm\node_modules\@npmcli\run-script\lib\node-gyp-bin;C:\Users\thuralynnhtun\react-native\eCommerceApp\node_modules\.bin;C:\Users\thuralynnhtun\react-native\node_modules\.bin;C:\Users\thuralynnhtun\node_modules\.bin;C:\Users\node_modules\.bin;C:\node_modules\.bin;C:\Program Files\nodejs;C:\Users\thuralynnhtun\react-native\eCommerceApp\node_modules\.bin;C:\Users\thuralynnhtun\react-native\node_modules\.bin;C:\Users\thuralynnhtun\node_modules\.bin;C:\Users\node_modules\.bin;C:\node_modules\.bin;C:\Users\uabsys01\AppData\Roaming\nvm\v18.20.4\node_modules\npm\node_modules\@npmcli\run-script\lib\node-gyp-bin;C:\Users\thuralynnhtun\bin;C:\Users\thuralynnhtun\AppData\Local\Programs\Git\mingw64\bin;C:\Users\thuralynnhtun\AppData\Local\Programs\Git\usr\local\bin;C:\Users\thuralynnhtun\AppData\Local\Programs\Git\usr\bin;C:\Users\thuralynnhtun\AppData\Local\Programs\Git\usr\bin;C:\Users\thuralynnhtun\AppData\Local\Programs\Git\mingw64\bin;C:\Users\thuralynnhtun\AppData\Local\Programs\Git\usr\bin;C:\Users\thuralynnhtun\bin;C:\Program Files\OpenLogic\jdk-17.0.13.11-hotspot\bin;C:\WINDOWS\system32;C:\WINDOWS;C:\WINDOWS\System32\Wbem;C:\WINDOWS\System32\WindowsPowerShell\v1.0;C:\WINDOWS\System32\OpenSSH;C:\Users\thuralynnhtun\nvm;C:\Program Files\nodejs;C:\Users\thuralynnhtun\nvm;C:\Users\thuralynnhtun\nvm\v18.20.4;C:\Users\thuralynnhtun\AppData\
USERNAME=thuralynnhtun
SHELL=C:\Users\thuralynnhtun\AppData\Local\Programs\Git\usr\bin\bash.exe
DISPLAY=needs-to-be-defined
LANG=en_US.UTF-8
TERM=xterm-256color
TMPDIR=C:\Users\THURAL~1\AppData\Local\Temp
OS=Windows_NT
PROCESSOR_IDENTIFIER=Intel64 Family 6 Model 140 Stepping 1, GenuineIntel
TMP=C:\Users\THURAL~1\AppData\Local\Temp
TEMP=C:\Users\THURAL~1\AppData\Local\Temp



---------------  S Y S T E M  ---------------

OS: Windows 11 , 64 bit Build 22621 (10.0.22621.4391)
OS uptime: 9 days 7:35 hours
Hyper-V role detected

CPU:total 4 (initial active 4) (2 cores per cpu, 2 threads per core) family 6 model 140 stepping 1 microcode 0x86, cmov, cx8, fxsr, mmx, sse, sse2, sse3, ssse3, sse4.1, sse4.2, popcnt, avx, avx2, aes, clmul, erms, 3dnowpref, lzcnt, ht, tsc, tscinvbit, bmi1, bmi2, adx, evex, sha, fma

Memory: 4k page, system-wide physical 7975M (1068M free)
TotalPageFile size 23078M (AvailPageFile size 0M)
current process WorkingSet (physical memory assigned to process): 193M, peak: 193M
current process commit charge ("private bytes"): 306M, peak: 307M

vm_info: OpenJDK 64-Bit Server VM (11.0.25+9-adhoc..jdk11u) for windows-amd64 JRE (11.0.25+9-adhoc..jdk11u), built on Oct 18 2024 03:03:28 by "" with MS VC++ 16.10 / 16.11 (VS2019)

END.
